2026-07-13 20:14:28,172 INFO [SELFTEST] {'shadow_trades': 0, 'live': 0, 'tail_snapshots': 11, 'resolved': 0, 'wins': 0, 'win_rate': 0.0}
2026-07-13 20:15:18,208 INFO [SELFTEST] {'shadow_trades': 0, 'live': 0, 'tail_snapshots': 11, 'resolved': 0, 'wins': 0, 'win_rate': 0.0}
2026-07-13 20:15:43,836 INFO [SELFTEST] {'shadow_trades': 0, 'live': 0, 'tail_snapshots': 11, 'resolved': 0, 'wins': 0, 'win_rate': 0.0}
2026-07-13 20:16:05,013 INFO [SELFTEST] {'shadow_trades': 0, 'live': 0, 'tail_snapshots': 11, 'resolved': 0, 'wins': 0, 'win_rate': 0.0}
2026-07-13 20:16:27,395 INFO [SELFTEST] drop eval={'deviation': -29.5, 'threshold': 30.81, 'triggered': False, 'direction': None}
2026-07-13 20:16:27,416 INFO [SELFTEST] {'shadow_trades': 0, 'live': 0, 'tail_snapshots': 11, 'resolved': 0, 'wins': 0, 'win_rate': 0.0}
2026-07-13 20:18:22,043 INFO [SELFTEST] cfg dev_base=25.0 dev_min=15.0 dev_window=60 vol_mult=1.5
2026-07-13 20:18:22,060 INFO [SELFTEST] drop eval={'deviation': -29.5, 'threshold': 30.81, 'triggered': False, 'direction': None}
2026-07-13 20:18:22,078 INFO [SELFTEST] {'shadow_trades': 0, 'live': 0, 'tail_snapshots': 11, 'resolved': 0, 'wins': 0, 'win_rate': 0.0}
2026-07-13 20:18:52,842 INFO [SELFTEST] {'shadow_trades': 0, 'live': 0, 'tail_snapshots': 11, 'resolved': 0, 'wins': 0, 'win_rate': 0.0}
2026-07-13 20:19:51,911 INFO [SIGNAL] T:1 UP @63970.00 secs_left=180 type=LIVE reason=ok
2026-07-13 20:19:51,939 INFO [SETTLE] T:1 side=UP settle=64005.00 win=True pnl=35.00
2026-07-13 20:19:51,939 INFO [SELFTEST] {'shadow_trades': 1, 'live': 1, 'tail_snapshots': 11, 'resolved': 1, 'wins': 1, 'win_rate': 100.0}
2026-07-13 20:20:06,512 INFO HTTP Request: GET https://api.binance.com/api/v3/klines?symbol=BTCUSDT&interval=1m&limit=300 "HTTP/1.1 200 OK"
2026-07-13 20:20:06,520 INFO [REPLAY] feeding 300 bars
2026-07-13 20:20:06,524 INFO [SIGNAL] BTC-5m:5946497 DOWN @62552.02 secs_left=180 type=LIVE reason=ok
2026-07-13 20:20:06,526 INFO [SETTLE] BTC-5m:5946497 side=DOWN settle=62607.86 win=False pnl=-55.84
2026-07-13 20:20:06,529 INFO [SIGNAL] BTC-5m:5946498 DOWN @62693.11 secs_left=180 type=LIVE reason=ok
2026-07-13 20:20:06,531 INFO [SETTLE] BTC-5m:5946498 side=DOWN settle=62740.01 win=False pnl=-46.90
2026-07-13 20:20:06,535 INFO [SIGNAL] BTC-5m:5946500 UP @62305.29 secs_left=180 type=LIVE reason=ok
2026-07-13 20:20:06,538 INFO [SETTLE] BTC-5m:5946500 side=UP settle=62359.57 win=True pnl=54.28
2026-07-13 20:20:06,542 INFO [SIGNAL] BTC-5m:5946501 UP @62308.03 secs_left=180 type=LIVE reason=ok
2026-07-13 20:20:06,545 INFO [SETTLE] BTC-5m:5946501 side=UP settle=62306.03 win=False pnl=-2.00
2026-07-13 20:20:06,549 INFO [SIGNAL] BTC-5m:5946502 UP @62227.20 secs_left=180 type=LIVE reason=ok
2026-07-13 20:20:06,552 INFO [SETTLE] BTC-5m:5946502 side=UP settle=62256.02 win=True pnl=28.82
2026-07-13 20:20:06,555 INFO [SIGNAL] BTC-5m:5946503 UP @62314.89 secs_left=180 type=LIVE reason=ok
2026-07-13 20:20:06,559 INFO [SETTLE] BTC-5m:5946503 side=UP settle=62345.49 win=True pnl=30.60
2026-07-13 20:20:06,563 INFO [SIGNAL] BTC-5m:5946504 UP @62319.99 secs_left=180 type=LIVE reason=ok
2026-07-13 20:20:06,565 INFO [SETTLE] BTC-5m:5946504 side=UP settle=62299.48 win=False pnl=-20.51
2026-07-13 20:20:06,569 INFO [SIGNAL] BTC-5m:5946505 UP @62302.83 secs_left=180 type=LIVE reason=ok
2026-07-13 20:20:06,573 INFO [SETTLE] BTC-5m:5946505 side=UP settle=62317.99 win=True pnl=15.16
2026-07-13 20:20:06,579 INFO [SIGNAL] BTC-5m:5946509 DOWN @62594.00 secs_left=180 type=LIVE reason=ok
2026-07-13 20:20:06,587 INFO [SETTLE] BTC-5m:5946509 side=DOWN settle=62580.01 win=True pnl=13.99
2026-07-13 20:20:06,591 INFO [SIGNAL] BTC-5m:5946510 DOWN @62664.01 secs_left=180 type=LIVE reason=ok
2026-07-13 20:20:06,595 INFO [SETTLE] BTC-5m:5946510 side=DOWN settle=62532.01 win=True pnl=132.00
2026-07-13 20:20:06,598 INFO [SIGNAL] BTC-5m:5946511 DOWN @62480.00 secs_left=180 type=LIVE reason=ok
2026-07-13 20:20:06,600 INFO [SETTLE] BTC-5m:5946511 side=DOWN settle=62629.29 win=False pnl=-149.29
2026-07-13 20:20:06,603 INFO [SIGNAL] BTC-5m:5946512 DOWN @62573.18 secs_left=180 type=LIVE reason=ok
2026-07-13 20:20:06,606 INFO [SETTLE] BTC-5m:5946512 side=DOWN settle=62649.99 win=False pnl=-76.81
2026-07-13 20:20:06,610 INFO [SIGNAL] BTC-5m:5946513 DOWN @62668.32 secs_left=180 type=LIVE reason=ok
2026-07-13 20:20:06,614 INFO [SETTLE] BTC-5m:5946513 side=DOWN settle=62661.68 win=True pnl=6.64
2026-07-13 20:20:06,618 INFO [SIGNAL] BTC-5m:5946514 DOWN @62651.11 secs_left=180 type=LIVE reason=ok
2026-07-13 20:20:06,621 INFO [SETTLE] BTC-5m:5946514 side=DOWN settle=62711.99 win=False pnl=-60.88
2026-07-13 20:20:06,624 INFO [SIGNAL] BTC-5m:5946515 DOWN @62755.72 secs_left=180 type=LIVE reason=ok
2026-07-13 20:20:06,628 INFO [SETTLE] BTC-5m:5946515 side=DOWN settle=62803.88 win=False pnl=-48.16
2026-07-13 20:20:06,631 INFO [SIGNAL] BTC-5m:5946516 DOWN @62740.00 secs_left=180 type=LIVE reason=ok
2026-07-13 20:20:06,634 INFO [SETTLE] BTC-5m:5946516 side=DOWN settle=62733.99 win=True pnl=6.01
2026-07-13 20:20:06,638 INFO [SIGNAL] BTC-5m:5946517 DOWN @62758.11 secs_left=180 type=LIVE reason=ok
2026-07-13 20:20:06,641 INFO [SETTLE] BTC-5m:5946517 side=DOWN settle=62820.01 win=False pnl=-61.90
2026-07-13 20:20:06,645 INFO [SIGNAL] BTC-5m:5946518 DOWN @62782.36 secs_left=180 type=LIVE reason=ok
2026-07-13 20:20:06,648 INFO [SETTLE] BTC-5m:5946518 side=DOWN settle=62796.73 win=False pnl=-14.37
2026-07-13 20:20:06,652 INFO [SIGNAL] BTC-5m:5946519 DOWN @62950.62 secs_left=180 type=LIVE reason=ok
2026-07-13 20:20:06,655 INFO [SETTLE] BTC-5m:5946519 side=DOWN settle=62871.57 win=True pnl=79.05
2026-07-13 20:20:06,659 INFO [SIGNAL] BTC-5m:5946520 DOWN @62852.63 secs_left=180 type=LIVE reason=ok
2026-07-13 20:20:06,662 INFO [SETTLE] BTC-5m:5946520 side=DOWN settle=62816.01 win=True pnl=36.62
2026-07-13 20:20:06,666 INFO [SIGNAL] BTC-5m:5946521 DOWN @62798.00 secs_left=180 type=LIVE reason=ok
2026-07-13 20:20:06,669 INFO [SETTLE] BTC-5m:5946521 side=DOWN settle=62829.68 win=False pnl=-31.68
2026-07-13 20:20:06,675 INFO [SIGNAL] BTC-5m:5946524 UP @62575.05 secs_left=180 type=LIVE reason=ok
2026-07-13 20:20:06,678 INFO [SETTLE] BTC-5m:5946524 side=UP settle=62618.07 win=True pnl=43.02
2026-07-13 20:20:06,683 INFO [SIGNAL] BTC-5m:5946525 UP @62640.10 secs_left=180 type=LIVE reason=ok
2026-07-13 20:20:06,687 INFO [SETTLE] BTC-5m:5946525 side=UP settle=62673.82 win=True pnl=33.72
2026-07-13 20:20:06,691 INFO [SIGNAL] BTC-5m:5946526 UP @62612.01 secs_left=180 type=LIVE reason=ok
2026-07-13 20:20:06,695 INFO [SETTLE] BTC-5m:5946526 side=UP settle=62590.00 win=False pnl=-22.01
2026-07-13 20:20:06,698 INFO [SIGNAL] BTC-5m:5946527 UP @62580.00 secs_left=180 type=LIVE reason=ok
2026-07-13 20:20:06,702 INFO [SETTLE] BTC-5m:5946527 side=UP settle=62565.02 win=False pnl=-14.98
2026-07-13 20:20:06,705 INFO [SIGNAL] BTC-5m:5946528 UP @62565.85 secs_left=180 type=LIVE reason=ok
2026-07-13 20:20:06,709 INFO [SETTLE] BTC-5m:5946528 side=UP settle=62572.01 win=True pnl=6.16
2026-07-13 20:20:06,712 INFO [SIGNAL] BTC-5m:5946529 UP @62549.98 secs_left=180 type=LIVE reason=ok
2026-07-13 20:20:06,716 INFO [SETTLE] BTC-5m:5946529 side=UP settle=62591.77 win=True pnl=41.79
2026-07-13 20:20:06,720 INFO [SIGNAL] BTC-5m:5946530 UP @62570.01 secs_left=180 type=LIVE reason=ok
2026-07-13 20:20:06,723 INFO [SETTLE] BTC-5m:5946530 side=UP settle=62492.14 win=False pnl=-77.87
2026-07-13 20:20:06,726 INFO [SIGNAL] BTC-5m:5946531 UP @62445.99 secs_left=180 type=LIVE reason=ok
2026-07-13 20:20:06,728 INFO [SETTLE] BTC-5m:5946531 side=UP settle=62318.19 win=False pnl=-127.80
2026-07-13 20:20:06,731 INFO [SIGNAL] BTC-5m:5946532 UP @62327.99 secs_left=180 type=LIVE reason=ok
2026-07-13 20:20:06,734 INFO [SETTLE] BTC-5m:5946532 side=UP settle=62312.94 win=False pnl=-15.05
2026-07-13 20:20:06,736 INFO [SIGNAL] BTC-5m:5946533 UP @62321.05 secs_left=180 type=LIVE reason=ok
2026-07-13 20:20:06,739 INFO [SETTLE] BTC-5m:5946533 side=UP settle=62265.06 win=False pnl=-55.99
2026-07-13 20:20:06,741 INFO [SIGNAL] BTC-5m:5946534 UP @62321.98 secs_left=180 type=LIVE reason=ok
2026-07-13 20:20:06,744 INFO [SETTLE] BTC-5m:5946534 side=UP settle=62234.01 win=False pnl=-87.97
2026-07-13 20:20:06,746 INFO [SIGNAL] BTC-5m:5946535 UP @62214.01 secs_left=180 type=LIVE reason=ok
2026-07-13 20:20:06,749 INFO [SETTLE] BTC-5m:5946535 side=UP settle=62302.08 win=True pnl=88.07
2026-07-13 20:20:06,751 INFO [SIGNAL] BTC-5m:5946536 UP @62366.00 secs_left=180 type=LIVE reason=ok
2026-07-13 20:20:06,753 INFO [SETTLE] BTC-5m:5946536 side=UP settle=62394.01 win=True pnl=28.01
2026-07-13 20:20:06,757 INFO [SIGNAL] BTC-5m:5946538 UP @62318.00 secs_left=180 type=LIVE reason=ok
2026-07-13 20:20:06,760 INFO [SETTLE] BTC-5m:5946538 side=UP settle=62272.88 win=False pnl=-45.12
2026-07-13 20:20:06,763 INFO [SIGNAL] BTC-5m:5946539 UP @62267.99 secs_left=180 type=LIVE reason=ok
2026-07-13 20:20:06,765 INFO [SETTLE] BTC-5m:5946539 side=UP settle=62288.00 win=True pnl=20.01
2026-07-13 20:20:06,768 INFO [SIGNAL] BTC-5m:5946540 UP @62295.21 secs_left=180 type=LIVE reason=ok
2026-07-13 20:20:06,770 INFO [SETTLE] BTC-5m:5946540 side=UP settle=62262.01 win=False pnl=-33.20
2026-07-13 20:20:06,778 INFO [SIGNAL] BTC-5m:5946545 UP @62188.61 secs_left=180 type=LIVE reason=ok
2026-07-13 20:20:06,780 INFO [SETTLE] BTC-5m:5946545 side=UP settle=62224.00 win=True pnl=35.39
2026-07-13 20:20:06,783 INFO [SIGNAL] BTC-5m:5946546 UP @62156.77 secs_left=180 type=LIVE reason=ok
2026-07-13 20:20:06,786 INFO [SETTLE] BTC-5m:5946546 side=UP settle=62167.99 win=True pnl=11.22
2026-07-13 20:20:06,788 INFO [SIGNAL] BTC-5m:5946547 UP @62044.73 secs_left=180 type=LIVE reason=ok
2026-07-13 20:20:06,791 INFO [SETTLE] BTC-5m:5946547 side=UP settle=62056.19 win=True pnl=11.46
2026-07-13 20:20:06,794 INFO [SIGNAL] BTC-5m:5946548 UP @62048.01 secs_left=180 type=LIVE reason=ok
2026-07-13 20:20:06,797 INFO [SETTLE] BTC-5m:5946548 side=UP settle=62172.85 win=True pnl=124.84
2026-07-13 20:20:06,800 INFO [SIGNAL] BTC-5m:5946549 UP @62092.38 secs_left=180 type=LIVE reason=ok
2026-07-13 20:20:06,803 INFO [SETTLE] BTC-5m:5946549 side=UP settle=62047.07 win=False pnl=-45.31
2026-07-13 20:20:06,806 INFO [SIGNAL] BTC-5m:5946550 UP @62026.48 secs_left=180 type=LIVE reason=ok
2026-07-13 20:20:06,808 INFO [SETTLE] BTC-5m:5946550 side=UP settle=62022.01 win=False pnl=-4.47
2026-07-13 20:20:06,811 INFO [SIGNAL] BTC-5m:5946551 UP @61985.01 secs_left=180 type=LIVE reason=ok
2026-07-13 20:20:06,813 INFO [SETTLE] BTC-5m:5946551 side=UP settle=61958.40 win=False pnl=-26.61
2026-07-13 20:20:06,816 INFO [SIGNAL] BTC-5m:5946552 UP @61962.00 secs_left=180 type=LIVE reason=ok
2026-07-13 20:20:06,819 INFO [SETTLE] BTC-5m:5946552 side=UP settle=62043.39 win=True pnl=81.39
2026-07-13 20:20:06,822 INFO [SIGNAL] BTC-5m:5946553 UP @62031.98 secs_left=180 type=LIVE reason=ok
2026-07-13 20:20:06,824 INFO [SETTLE] BTC-5m:5946553 side=UP settle=61935.99 win=False pnl=-95.99
2026-07-13 20:20:06,826 INFO [SIGNAL] BTC-5m:5946554 UP @61890.33 secs_left=180 type=LIVE reason=ok
2026-07-13 20:20:06,828 INFO [SETTLE] BTC-5m:5946554 side=UP settle=61932.00 win=True pnl=41.67
2026-07-13 20:20:06,831 INFO [SIGNAL] BTC-5m:5946555 UP @61910.49 secs_left=180 type=LIVE reason=ok
2026-07-13 20:20:06,833 INFO [SETTLE] BTC-5m:5946555 side=UP settle=61848.01 win=False pnl=-62.48
2026-07-13 20:20:06,834 INFO [REPLAY] done. stats={'shadow_trades': 48, 'live': 48, 'tail_snapshots': 0, 'resolved': 48, 'wins': 23, 'win_rate': 47.9}
2026-07-13 20:20:24,591 INFO [LIVE] start. db=monitoring/shadow.db book=polymarket
2026-07-13 20:30:16,855 INFO [LIVE] start. db=monitoring/shadow.db book=polymarket
2026-07-13 20:30:16,961 INFO [FEED] connected btcusdt@trade
2026-07-13 20:34:47,299 INFO [LIVE] start. db=monitoring/shadow.db book=polymarket
2026-07-13 20:34:47,398 INFO [FEED] connected btcusdt@trade
2026-07-14 04:22:47,276 INFO HTTP Request: POST https://graphql.predict.fun/graphql "HTTP/1.1 200 OK"
2026-07-14 04:22:47,279 INFO [LIVE] start. db=monitoring/shadow.db book=predictfun market=767997
2026-07-14 04:22:47,344 INFO [FEED] connected btcusdt@trade
2026-07-14 04:23:31,238 INFO HTTP Request: POST https://graphql.predict.fun/graphql "HTTP/1.1 200 OK"
2026-07-14 04:24:00,810 INFO HTTP Request: POST https://graphql.predict.fun/graphql "HTTP/1.1 200 OK"
2026-07-14 04:24:31,712 INFO HTTP Request: POST https://graphql.predict.fun/graphql "HTTP/1.1 200 OK"
2026-07-14 04:25:01,021 INFO HTTP Request: POST https://graphql.predict.fun/graphql "HTTP/1.1 200 OK"
2026-07-14 04:25:31,497 INFO HTTP Request: POST https://graphql.predict.fun/graphql "HTTP/1.1 200 OK"
2026-07-14 04:26:00,877 INFO HTTP Request: POST https://graphql.predict.fun/graphql "HTTP/1.1 200 OK"
2026-07-14 04:26:31,383 INFO HTTP Request: POST https://graphql.predict.fun/graphql "HTTP/1.1 200 OK"
2026-07-14 04:27:01,077 INFO HTTP Request: POST https://graphql.predict.fun/graphql "HTTP/1.1 200 OK"
2026-07-14 04:27:30,820 INFO HTTP Request: POST https://graphql.predict.fun/graphql "HTTP/1.1 200 OK"
2026-07-14 04:28:00,775 INFO HTTP Request: POST https://graphql.predict.fun/graphql "HTTP/1.1 200 OK"
2026-07-14 04:28:30,810 INFO HTTP Request: POST https://graphql.predict.fun/graphql "HTTP/1.1 200 OK"
2026-07-14 04:29:01,129 INFO HTTP Request: POST https://graphql.predict.fun/graphql "HTTP/1.1 200 OK"
2026-07-14 04:30:01,086 INFO HTTP Request: POST https://graphql.predict.fun/graphql "HTTP/1.1 200 OK"
2026-07-14 04:30:30,780 INFO HTTP Request: POST https://graphql.predict.fun/graphql "HTTP/1.1 200 OK"
2026-07-14 04:31:01,096 INFO HTTP Request: POST https://graphql.predict.fun/graphql "HTTP/1.1 200 OK"
2026-07-14 04:31:31,631 INFO HTTP Request: POST https://graphql.predict.fun/graphql "HTTP/1.1 200 OK"
2026-07-14 04:32:01,190 INFO HTTP Request: POST https://graphql.predict.fun/graphql "HTTP/1.1 200 OK"
2026-07-14 04:32:31,514 INFO HTTP Request: POST https://graphql.predict.fun/graphql "HTTP/1.1 200 OK"
2026-07-14 04:33:01,345 INFO HTTP Request: POST https://graphql.predict.fun/graphql "HTTP/1.1 200 OK"
2026-07-14 04:33:31,526 INFO HTTP Request: POST https://graphql.predict.fun/graphql "HTTP/1.1 200 OK"
2026-07-14 04:34:01,009 INFO HTTP Request: POST https://graphql.predict.fun/graphql "HTTP/1.1 200 OK"
2026-07-14 04:34:31,720 INFO HTTP Request: POST https://graphql.predict.fun/graphql "HTTP/1.1 200 OK"
2026-07-14 04:35:02,179 INFO HTTP Request: POST https://graphql.predict.fun/graphql "HTTP/1.1 200 OK"
2026-07-14 04:35:30,940 INFO HTTP Request: POST https://graphql.predict.fun/graphql "HTTP/1.1 200 OK"
2026-07-14 04:36:01,498 INFO HTTP Request: POST https://graphql.predict.fun/graphql "HTTP/1.1 200 OK"
2026-07-14 04:36:31,002 INFO HTTP Request: POST https://graphql.predict.fun/graphql "HTTP/1.1 200 OK"
2026-07-14 04:37:00,877 INFO HTTP Request: POST https://graphql.predict.fun/graphql "HTTP/1.1 200 OK"
2026-07-14 04:37:30,820 INFO HTTP Request: POST https://graphql.predict.fun/graphql "HTTP/1.1 200 OK"
2026-07-14 04:38:00,865 INFO HTTP Request: POST https://graphql.predict.fun/graphql "HTTP/1.1 200 OK"
2026-07-14 04:38:31,011 INFO HTTP Request: POST https://graphql.predict.fun/graphql "HTTP/1.1 200 OK"
2026-07-14 04:39:01,651 INFO HTTP Request: POST https://graphql.predict.fun/graphql "HTTP/1.1 200 OK"
2026-07-14 04:39:31,556 INFO HTTP Request: POST https://graphql.predict.fun/graphql "HTTP/1.1 200 OK"
2026-07-14 04:40:01,230 INFO HTTP Request: POST https://graphql.predict.fun/graphql "HTTP/1.1 200 OK"
2026-07-14 04:40:31,150 INFO HTTP Request: POST https://graphql.predict.fun/graphql "HTTP/1.1 200 OK"
2026-07-14 04:41:00,971 INFO HTTP Request: POST https://graphql.predict.fun/graphql "HTTP/1.1 200 OK"
2026-07-14 04:41:30,805 INFO HTTP Request: POST https://graphql.predict.fun/graphql "HTTP/1.1 200 OK"
2026-07-14 04:42:01,290 INFO HTTP Request: POST https://graphql.predict.fun/graphql "HTTP/1.1 200 OK"
2026-07-14 04:42:30,815 INFO HTTP Request: POST https://graphql.predict.fun/graphql "HTTP/1.1 200 OK"
2026-07-14 04:43:01,203 INFO HTTP Request: POST https://graphql.predict.fun/graphql "HTTP/1.1 200 OK"
2026-07-14 04:43:31,007 INFO HTTP Request: POST https://graphql.predict.fun/graphql "HTTP/1.1 200 OK"
2026-07-14 04:44:01,063 INFO HTTP Request: POST https://graphql.predict.fun/graphql "HTTP/1.1 200 OK"
2026-07-14 04:44:30,792 INFO HTTP Request: POST https://graphql.predict.fun/graphql "HTTP/1.1 200 OK"
2026-07-14 04:45:00,870 INFO HTTP Request: POST https://graphql.predict.fun/graphql "HTTP/1.1 200 OK"
2026-07-14 04:45:30,966 INFO HTTP Request: POST https://graphql.predict.fun/graphql "HTTP/1.1 200 OK"
2026-07-14 04:46:00,824 INFO HTTP Request: POST https://graphql.predict.fun/graphql "HTTP/1.1 200 OK"
2026-07-14 04:46:31,067 INFO HTTP Request: POST https://graphql.predict.fun/graphql "HTTP/1.1 200 OK"
2026-07-14 04:47:01,138 INFO HTTP Request: POST https://graphql.predict.fun/graphql "HTTP/1.1 200 OK"
2026-07-14 04:47:30,852 INFO HTTP Request: POST https://graphql.predict.fun/graphql "HTTP/1.1 200 OK"
2026-07-14 04:48:01,292 INFO HTTP Request: POST https://graphql.predict.fun/graphql "HTTP/1.1 200 OK"
2026-07-14 04:49:00,937 INFO HTTP Request: POST https://graphql.predict.fun/graphql "HTTP/1.1 200 OK"
2026-07-14 04:49:30,877 INFO HTTP Request: POST https://graphql.predict.fun/graphql "HTTP/1.1 200 OK"
2026-07-14 04:50:01,255 INFO HTTP Request: POST https://graphql.predict.fun/graphql "HTTP/1.1 200 OK"
2026-07-14 04:50:31,076 INFO HTTP Request: POST https://graphql.predict.fun/graphql "HTTP/1.1 200 OK"
2026-07-14 04:51:00,995 INFO HTTP Request: POST https://graphql.predict.fun/graphql "HTTP/1.1 200 OK"
2026-07-14 04:51:30,834 INFO HTTP Request: POST https://graphql.predict.fun/graphql "HTTP/1.1 200 OK"
2026-07-14 04:52:02,190 INFO HTTP Request: POST https://graphql.predict.fun/graphql "HTTP/1.1 200 OK"
2026-07-14 04:52:31,058 INFO HTTP Request: POST https://graphql.predict.fun/graphql "HTTP/1.1 200 OK"
2026-07-14 04:53:00,858 INFO HTTP Request: POST https://graphql.predict.fun/graphql "HTTP/1.1 200 OK"
2026-07-14 04:53:30,813 INFO HTTP Request: POST https://graphql.predict.fun/graphql "HTTP/1.1 200 OK"
2026-07-14 04:54:01,255 INFO HTTP Request: POST https://graphql.predict.fun/graphql "HTTP/1.1 200 OK"
2026-07-14 04:54:31,134 INFO HTTP Request: POST https://graphql.predict.fun/graphql "HTTP/1.1 200 OK"
2026-07-14 04:55:01,015 INFO HTTP Request: POST https://graphql.predict.fun/graphql "HTTP/1.1 200 OK"
2026-07-14 04:55:30,936 INFO HTTP Request: POST https://graphql.predict.fun/graphql "HTTP/1.1 200 OK"
2026-07-14 04:56:01,142 INFO HTTP Request: POST https://graphql.predict.fun/graphql "HTTP/1.1 200 OK"
2026-07-14 04:57:01,044 INFO HTTP Request: POST https://graphql.predict.fun/graphql "HTTP/1.1 200 OK"
2026-07-14 04:57:30,982 INFO HTTP Request: POST https://graphql.predict.fun/graphql "HTTP/1.1 200 OK"
2026-07-14 04:58:01,274 INFO HTTP Request: POST https://graphql.predict.fun/graphql "HTTP/1.1 200 OK"
2026-07-14 04:58:30,957 INFO HTTP Request: POST https://graphql.predict.fun/graphql "HTTP/1.1 200 OK"
2026-07-14 04:59:01,164 INFO HTTP Request: POST https://graphql.predict.fun/graphql "HTTP/1.1 200 OK"
2026-07-14 04:59:30,890 INFO HTTP Request: POST https://graphql.predict.fun/graphql "HTTP/1.1 200 OK"
2026-07-14 05:00:00,834 INFO HTTP Request: POST https://graphql.predict.fun/graphql "HTTP/1.1 200 OK"
2026-07-14 05:00:30,928 INFO HTTP Request: POST https://graphql.predict.fun/graphql "HTTP/1.1 200 OK"
2026-07-14 05:01:01,181 INFO HTTP Request: POST https://graphql.predict.fun/graphql "HTTP/1.1 200 OK"
2026-07-14 05:01:31,048 INFO HTTP Request: POST https://graphql.predict.fun/graphql "HTTP/1.1 200 OK"
2026-07-14 05:02:00,915 INFO HTTP Request: POST https://graphql.predict.fun/graphql "HTTP/1.1 200 OK"
2026-07-14 05:02:30,893 INFO HTTP Request: POST https://graphql.predict.fun/graphql "HTTP/1.1 200 OK"
2026-07-14 05:03:01,092 INFO HTTP Request: POST https://graphql.predict.fun/graphql "HTTP/1.1 200 OK"
2026-07-14 05:03:31,196 INFO HTTP Request: POST https://graphql.predict.fun/graphql "HTTP/1.1 200 OK"
2026-07-14 05:04:01,363 INFO HTTP Request: POST https://graphql.predict.fun/graphql "HTTP/1.1 200 OK"
2026-07-14 05:04:31,170 INFO HTTP Request: POST https://graphql.predict.fun/graphql "HTTP/1.1 200 OK"
2026-07-14 05:05:01,147 INFO HTTP Request: POST https://graphql.predict.fun/graphql "HTTP/1.1 200 OK"
2026-07-14 05:05:31,125 INFO HTTP Request: POST https://graphql.predict.fun/graphql "HTTP/1.1 200 OK"
2026-07-14 05:06:00,884 INFO HTTP Request: POST https://graphql.predict.fun/graphql "HTTP/1.1 200 OK"
2026-07-14 05:07:01,034 INFO HTTP Request: POST https://graphql.predict.fun/graphql "HTTP/1.1 200 OK"
2026-07-14 05:07:30,910 INFO HTTP Request: POST https://graphql.predict.fun/graphql "HTTP/1.1 200 OK"
2026-07-14 05:08:00,992 INFO HTTP Request: POST https://graphql.predict.fun/graphql "HTTP/1.1 200 OK"
2026-07-14 05:08:30,915 INFO HTTP Request: POST https://graphql.predict.fun/graphql "HTTP/1.1 200 OK"
2026-07-14 05:09:01,210 INFO HTTP Request: POST https://graphql.predict.fun/graphql "HTTP/1.1 200 OK"
2026-07-14 05:09:31,186 INFO HTTP Request: POST https://graphql.predict.fun/graphql "HTTP/1.1 200 OK"
2026-07-14 05:10:01,277 INFO HTTP Request: POST https://graphql.predict.fun/graphql "HTTP/1.1 200 OK"
2026-07-14 05:10:31,178 INFO HTTP Request: POST https://graphql.predict.fun/graphql "HTTP/1.1 200 OK"
2026-07-14 05:11:00,984 INFO HTTP Request: POST https://graphql.predict.fun/graphql "HTTP/1.1 200 OK"
2026-07-14 05:11:32,033 INFO HTTP Request: POST https://graphql.predict.fun/graphql "HTTP/1.1 200 OK"
2026-07-14 05:12:00,997 INFO HTTP Request: POST https://graphql.predict.fun/graphql "HTTP/1.1 200 OK"
2026-07-14 05:12:30,903 INFO HTTP Request: POST https://graphql.predict.fun/graphql "HTTP/1.1 200 OK"
2026-07-14 05:13:00,792 INFO HTTP Request: POST https://graphql.predict.fun/graphql "HTTP/1.1 200 OK"
2026-07-14 05:13:31,489 INFO HTTP Request: POST https://graphql.predict.fun/graphql "HTTP/1.1 200 OK"
2026-07-14 05:14:01,002 INFO HTTP Request: POST https://graphql.predict.fun/graphql "HTTP/1.1 200 OK"
2026-07-14 05:14:30,893 INFO HTTP Request: POST https://graphql.predict.fun/graphql "HTTP/1.1 200 OK"
2026-07-14 05:15:00,912 INFO HTTP Request: POST https://graphql.predict.fun/graphql "HTTP/1.1 200 OK"
2026-07-14 05:15:30,811 INFO HTTP Request: POST https://graphql.predict.fun/graphql "HTTP/1.1 200 OK"
2026-07-14 05:16:00,862 INFO HTTP Request: POST https://graphql.predict.fun/graphql "HTTP/1.1 200 OK"
2026-07-14 05:16:32,526 INFO HTTP Request: POST https://graphql.predict.fun/graphql "HTTP/1.1 200 OK"
2026-07-14 05:17:00,859 INFO HTTP Request: POST https://graphql.predict.fun/graphql "HTTP/1.1 200 OK"
2026-07-14 05:17:31,153 INFO HTTP Request: POST https://graphql.predict.fun/graphql "HTTP/1.1 200 OK"
2026-07-14 05:18:00,949 INFO HTTP Request: POST https://graphql.predict.fun/graphql "HTTP/1.1 200 OK"
2026-07-14 05:18:30,996 INFO HTTP Request: POST https://graphql.predict.fun/graphql "HTTP/1.1 200 OK"
2026-07-14 05:19:00,844 INFO HTTP Request: POST https://graphql.predict.fun/graphql "HTTP/1.1 200 OK"
2026-07-14 05:19:30,955 INFO HTTP Request: POST https://graphql.predict.fun/graphql "HTTP/1.1 200 OK"
2026-07-14 05:20:31,492 INFO HTTP Request: POST https://graphql.predict.fun/graphql "HTTP/1.1 200 OK"
2026-07-14 05:20:31,498 INFO [LIVE] switched market -> 768159
2026-07-14 05:21:00,952 INFO HTTP Request: POST https://graphql.predict.fun/graphql "HTTP/1.1 200 OK"
2026-07-14 05:21:31,208 INFO HTTP Request: POST https://graphql.predict.fun/graphql "HTTP/1.1 200 OK"
2026-07-14 05:22:01,785 INFO HTTP Request: POST https://graphql.predict.fun/graphql "HTTP/1.1 200 OK"
2026-07-14 05:22:31,346 INFO HTTP Request: POST https://graphql.predict.fun/graphql "HTTP/1.1 200 OK"
2026-07-14 05:23:00,850 INFO HTTP Request: POST https://graphql.predict.fun/graphql "HTTP/1.1 200 OK"
2026-07-14 05:23:31,214 INFO HTTP Request: POST https://graphql.predict.fun/graphql "HTTP/1.1 200 OK"
2026-07-14 05:24:00,834 INFO HTTP Request: POST https://graphql.predict.fun/graphql "HTTP/1.1 200 OK"
2026-07-14 05:24:30,962 INFO HTTP Request: POST https://graphql.predict.fun/graphql "HTTP/1.1 200 OK"
2026-07-14 05:25:01,067 INFO HTTP Request: POST https://graphql.predict.fun/graphql "HTTP/1.1 200 OK"
2026-07-14 05:25:30,988 INFO HTTP Request: POST https://graphql.predict.fun/graphql "HTTP/1.1 200 OK"
2026-07-14 05:26:01,189 INFO HTTP Request: POST https://graphql.predict.fun/graphql "HTTP/1.1 200 OK"
2026-07-14 05:26:31,485 INFO HTTP Request: POST https://graphql.predict.fun/graphql "HTTP/1.1 200 OK"
2026-07-14 05:27:02,324 INFO HTTP Request: POST https://graphql.predict.fun/graphql "HTTP/1.1 200 OK"
2026-07-14 05:27:30,880 INFO HTTP Request: POST https://graphql.predict.fun/graphql "HTTP/1.1 200 OK"
2026-07-14 05:28:00,902 INFO HTTP Request: POST https://graphql.predict.fun/graphql "HTTP/1.1 200 OK"
2026-07-14 05:28:30,883 INFO HTTP Request: POST https://graphql.predict.fun/graphql "HTTP/1.1 200 OK"
2026-07-14 05:29:01,134 INFO HTTP Request: POST https://graphql.predict.fun/graphql "HTTP/1.1 200 OK"
2026-07-14 05:29:31,716 INFO HTTP Request: POST https://graphql.predict.fun/graphql "HTTP/1.1 200 OK"
2026-07-14 05:30:01,023 INFO HTTP Request: POST https://graphql.predict.fun/graphql "HTTP/1.1 200 OK"
2026-07-14 05:30:30,805 INFO HTTP Request: POST https://graphql.predict.fun/graphql "HTTP/1.1 200 OK"
2026-07-14 05:31:00,936 INFO HTTP Request: POST https://graphql.predict.fun/graphql "HTTP/1.1 200 OK"
2026-07-14 05:31:31,370 INFO HTTP Request: POST https://graphql.predict.fun/graphql "HTTP/1.1 200 OK"
2026-07-14 05:32:01,368 INFO HTTP Request: POST https://graphql.predict.fun/graphql "HTTP/1.1 200 OK"
2026-07-14 05:32:30,921 INFO HTTP Request: POST https://graphql.predict.fun/graphql "HTTP/1.1 200 OK"
2026-07-14 05:33:01,276 INFO HTTP Request: POST https://graphql.predict.fun/graphql "HTTP/1.1 200 OK"
2026-07-14 05:34:01,123 INFO HTTP Request: POST https://graphql.predict.fun/graphql "HTTP/1.1 200 OK"
2026-07-14 05:34:31,672 INFO HTTP Request: POST https://graphql.predict.fun/graphql "HTTP/1.1 200 OK"
2026-07-14 05:35:01,038 INFO HTTP Request: POST https://graphql.predict.fun/graphql "HTTP/1.1 200 OK"
2026-07-14 05:35:30,948 INFO HTTP Request: POST https://graphql.predict.fun/graphql "HTTP/1.1 200 OK"
2026-07-14 05:36:00,870 INFO HTTP Request: POST https://graphql.predict.fun/graphql "HTTP/1.1 200 OK"
2026-07-14 05:36:31,013 INFO HTTP Request: POST https://graphql.predict.fun/graphql "HTTP/1.1 200 OK"
2026-07-14 05:37:00,830 INFO HTTP Request: POST https://graphql.predict.fun/graphql "HTTP/1.1 200 OK"
2026-07-14 05:38:01,324 INFO HTTP Request: POST https://graphql.predict.fun/graphql "HTTP/1.1 200 OK"
2026-07-14 05:38:31,017 INFO HTTP Request: POST https://graphql.predict.fun/graphql "HTTP/1.1 200 OK"
2026-07-14 05:39:00,987 INFO HTTP Request: POST https://graphql.predict.fun/graphql "HTTP/1.1 200 OK"
2026-07-14 05:39:31,188 INFO HTTP Request: POST https://graphql.predict.fun/graphql "HTTP/1.1 200 OK"
2026-07-14 05:40:01,329 INFO HTTP Request: POST https://graphql.predict.fun/graphql "HTTP/1.1 200 OK"
2026-07-14 05:40:31,389 INFO HTTP Request: POST https://graphql.predict.fun/graphql "HTTP/1.1 200 OK"
2026-07-14 05:41:01,288 INFO HTTP Request: POST https://graphql.predict.fun/graphql "HTTP/1.1 200 OK"
2026-07-14 05:41:31,719 INFO HTTP Request: POST https://graphql.predict.fun/graphql "HTTP/1.1 200 OK"
2026-07-14 05:42:00,871 INFO HTTP Request: POST https://graphql.predict.fun/graphql "HTTP/1.1 200 OK"
2026-07-14 05:42:30,835 INFO HTTP Request: POST https://graphql.predict.fun/graphql "HTTP/1.1 200 OK"
2026-07-14 05:43:00,952 INFO HTTP Request: POST https://graphql.predict.fun/graphql "HTTP/1.1 200 OK"
2026-07-14 05:43:30,789 INFO HTTP Request: POST https://graphql.predict.fun/graphql "HTTP/1.1 200 OK"
2026-07-14 05:44:01,093 INFO HTTP Request: POST https://graphql.predict.fun/graphql "HTTP/1.1 200 OK"
2026-07-14 05:44:30,919 INFO HTTP Request: POST https://graphql.predict.fun/graphql "HTTP/1.1 200 OK"
2026-07-14 05:45:01,148 INFO HTTP Request: POST https://graphql.predict.fun/graphql "HTTP/1.1 200 OK"
2026-07-14 05:45:31,226 INFO HTTP Request: POST https://graphql.predict.fun/graphql "HTTP/1.1 200 OK"
2026-07-14 05:46:01,318 INFO HTTP Request: POST https://graphql.predict.fun/graphql "HTTP/1.1 200 OK"
2026-07-14 05:46:30,832 INFO HTTP Request: POST https://graphql.predict.fun/graphql "HTTP/1.1 200 OK"
2026-07-14 05:47:01,062 INFO HTTP Request: POST https://graphql.predict.fun/graphql "HTTP/1.1 200 OK"
2026-07-14 05:47:31,155 INFO HTTP Request: POST https://graphql.predict.fun/graphql "HTTP/1.1 200 OK"
2026-07-14 05:48:01,094 INFO HTTP Request: POST https://graphql.predict.fun/graphql "HTTP/1.1 200 OK"
2026-07-14 05:48:33,189 INFO HTTP Request: POST https://graphql.predict.fun/graphql "HTTP/1.1 200 OK"
2026-07-14 05:49:01,185 INFO HTTP Request: POST https://graphql.predict.fun/graphql "HTTP/1.1 200 OK"
2026-07-14 05:50:00,929 INFO HTTP Request: POST https://graphql.predict.fun/graphql "HTTP/1.1 200 OK"
2026-07-14 05:50:31,400 INFO HTTP Request: POST https://graphql.predict.fun/graphql "HTTP/1.1 200 OK"
2026-07-14 05:51:31,109 INFO HTTP Request: POST https://graphql.predict.fun/graphql "HTTP/1.1 200 OK"
2026-07-14 05:52:01,270 INFO HTTP Request: POST https://graphql.predict.fun/graphql "HTTP/1.1 200 OK"
2026-07-14 05:52:30,809 INFO HTTP Request: POST https://graphql.predict.fun/graphql "HTTP/1.1 200 OK"
2026-07-14 05:53:01,073 INFO HTTP Request: POST https://graphql.predict.fun/graphql "HTTP/1.1 200 OK"
2026-07-14 05:53:31,028 INFO HTTP Request: POST https://graphql.predict.fun/graphql "HTTP/1.1 200 OK"
2026-07-14 05:54:01,363 INFO HTTP Request: POST https://graphql.predict.fun/graphql "HTTP/1.1 200 OK"
2026-07-14 05:54:30,898 INFO HTTP Request: POST https://graphql.predict.fun/graphql "HTTP/1.1 200 OK"
2026-07-14 05:55:01,212 INFO HTTP Request: POST https://graphql.predict.fun/graphql "HTTP/1.1 200 OK"
2026-07-14 05:55:30,954 INFO HTTP Request: POST https://graphql.predict.fun/graphql "HTTP/1.1 200 OK"
2026-07-14 05:56:01,287 INFO HTTP Request: POST https://graphql.predict.fun/graphql "HTTP/1.1 200 OK"
2026-07-14 05:57:01,400 INFO HTTP Request: POST https://graphql.predict.fun/graphql "HTTP/1.1 200 OK"
2026-07-14 05:57:31,409 INFO HTTP Request: POST https://graphql.predict.fun/graphql "HTTP/1.1 200 OK"
2026-07-14 05:58:01,175 INFO HTTP Request: POST https://graphql.predict.fun/graphql "HTTP/1.1 200 OK"
2026-07-14 05:58:31,276 INFO HTTP Request: POST https://graphql.predict.fun/graphql "HTTP/1.1 200 OK"
2026-07-14 05:59:00,910 INFO HTTP Request: POST https://graphql.predict.fun/graphql "HTTP/1.1 200 OK"
2026-07-14 06:00:01,305 INFO HTTP Request: POST https://graphql.predict.fun/graphql "HTTP/1.1 200 OK"
2026-07-14 06:00:31,102 INFO HTTP Request: POST https://graphql.predict.fun/graphql "HTTP/1.1 200 OK"
2026-07-14 06:01:01,004 INFO HTTP Request: POST https://graphql.predict.fun/graphql "HTTP/1.1 200 OK"
2026-07-14 06:01:30,846 INFO HTTP Request: POST https://graphql.predict.fun/graphql "HTTP/1.1 200 OK"
2026-07-14 06:02:00,822 INFO HTTP Request: POST https://graphql.predict.fun/graphql "HTTP/1.1 200 OK"
2026-07-14 06:02:31,210 INFO HTTP Request: POST https://graphql.predict.fun/graphql "HTTP/1.1 200 OK"
2026-07-14 06:03:01,155 INFO HTTP Request: POST https://graphql.predict.fun/graphql "HTTP/1.1 200 OK"
2026-07-14 06:03:30,978 INFO HTTP Request: POST https://graphql.predict.fun/graphql "HTTP/1.1 200 OK"
2026-07-14 06:04:00,937 INFO HTTP Request: POST https://graphql.predict.fun/graphql "HTTP/1.1 200 OK"
2026-07-14 06:04:31,217 INFO HTTP Request: POST https://graphql.predict.fun/graphql "HTTP/1.1 200 OK"
2026-07-14 06:05:01,128 INFO HTTP Request: POST https://graphql.predict.fun/graphql "HTTP/1.1 200 OK"
2026-07-14 06:05:31,302 INFO HTTP Request: POST https://graphql.predict.fun/graphql "HTTP/1.1 200 OK"
2026-07-14 06:06:01,145 INFO HTTP Request: POST https://graphql.predict.fun/graphql "HTTP/1.1 200 OK"
2026-07-14 06:06:32,802 INFO HTTP Request: POST https://graphql.predict.fun/graphql "HTTP/1.1 200 OK"
2026-07-14 06:07:00,803 INFO HTTP Request: POST https://graphql.predict.fun/graphql "HTTP/1.1 200 OK"
2026-07-14 06:07:30,998 INFO HTTP Request: POST https://graphql.predict.fun/graphql "HTTP/1.1 200 OK"
2026-07-14 06:08:01,105 INFO HTTP Request: POST https://graphql.predict.fun/graphql "HTTP/1.1 200 OK"
2026-07-14 06:08:31,259 INFO HTTP Request: POST https://graphql.predict.fun/graphql "HTTP/1.1 200 OK"
2026-07-14 06:09:01,365 INFO HTTP Request: POST https://graphql.predict.fun/graphql "HTTP/1.1 200 OK"
2026-07-14 06:09:30,944 INFO HTTP Request: POST https://graphql.predict.fun/graphql "HTTP/1.1 200 OK"
2026-07-14 06:10:00,985 INFO HTTP Request: POST https://graphql.predict.fun/graphql "HTTP/1.1 200 OK"
2026-07-14 06:10:31,328 INFO HTTP Request: POST https://graphql.predict.fun/graphql "HTTP/1.1 200 OK"
2026-07-14 06:11:00,797 INFO HTTP Request: POST https://graphql.predict.fun/graphql "HTTP/1.1 200 OK"
2026-07-14 06:11:31,455 INFO HTTP Request: POST https://graphql.predict.fun/graphql "HTTP/1.1 200 OK"
2026-07-14 06:12:01,282 INFO HTTP Request: POST https://graphql.predict.fun/graphql "HTTP/1.1 200 OK"
2026-07-14 06:12:31,294 INFO HTTP Request: POST https://graphql.predict.fun/graphql "HTTP/1.1 200 OK"
2026-07-14 06:13:01,434 INFO HTTP Request: POST https://graphql.predict.fun/graphql "HTTP/1.1 200 OK"
2026-07-14 06:13:31,340 INFO HTTP Request: POST https://graphql.predict.fun/graphql "HTTP/1.1 200 OK"
2026-07-14 06:14:01,111 INFO HTTP Request: POST https://graphql.predict.fun/graphql "HTTP/1.1 200 OK"
2026-07-14 06:14:30,979 INFO HTTP Request: POST https://graphql.predict.fun/graphql "HTTP/1.1 200 OK"
2026-07-14 06:15:00,846 INFO HTTP Request: POST https://graphql.predict.fun/graphql "HTTP/1.1 200 OK"
2026-07-14 06:16:31,435 INFO HTTP Request: POST https://graphql.predict.fun/graphql "HTTP/1.1 200 OK"
2026-07-14 06:17:01,450 INFO HTTP Request: POST https://graphql.predict.fun/graphql "HTTP/1.1 200 OK"
2026-07-14 06:17:31,585 INFO HTTP Request: POST https://graphql.predict.fun/graphql "HTTP/1.1 200 OK"
2026-07-14 06:18:01,512 INFO HTTP Request: POST https://graphql.predict.fun/graphql "HTTP/1.1 200 OK"
2026-07-14 06:18:31,191 INFO HTTP Request: POST https://graphql.predict.fun/graphql "HTTP/1.1 200 OK"
2026-07-14 06:19:00,949 INFO HTTP Request: POST https://graphql.predict.fun/graphql "HTTP/1.1 200 OK"
2026-07-14 06:19:30,837 INFO HTTP Request: POST https://graphql.predict.fun/graphql "HTTP/1.1 200 OK"
2026-07-14 06:20:01,420 INFO HTTP Request: POST https://graphql.predict.fun/graphql "HTTP/1.1 200 OK"
2026-07-14 06:20:31,237 INFO HTTP Request: POST https://graphql.predict.fun/graphql "HTTP/1.1 200 OK"
2026-07-14 06:21:01,013 INFO HTTP Request: POST https://graphql.predict.fun/graphql "HTTP/1.1 200 OK"
2026-07-14 06:21:31,216 INFO HTTP Request: POST https://graphql.predict.fun/graphql "HTTP/1.1 200 OK"
2026-07-14 06:22:01,032 INFO HTTP Request: POST https://graphql.predict.fun/graphql "HTTP/1.1 200 OK"
2026-07-14 06:22:31,188 INFO HTTP Request: POST https://graphql.predict.fun/graphql "HTTP/1.1 200 OK"
2026-07-14 06:23:01,353 INFO HTTP Request: POST https://graphql.predict.fun/graphql "HTTP/1.1 200 OK"
2026-07-14 06:23:31,451 INFO HTTP Request: POST https://graphql.predict.fun/graphql "HTTP/1.1 200 OK"
2026-07-14 06:24:01,735 INFO HTTP Request: POST https://graphql.predict.fun/graphql "HTTP/1.1 200 OK"
2026-07-14 06:24:31,344 INFO HTTP Request: POST https://graphql.predict.fun/graphql "HTTP/1.1 200 OK"
2026-07-14 06:25:00,816 INFO HTTP Request: POST https://graphql.predict.fun/graphql "HTTP/1.1 200 OK"
2026-07-14 06:25:30,972 INFO HTTP Request: POST https://graphql.predict.fun/graphql "HTTP/1.1 200 OK"
2026-07-14 06:26:01,156 INFO HTTP Request: POST https://graphql.predict.fun/graphql "HTTP/1.1 200 OK"
2026-07-14 06:26:31,075 INFO HTTP Request: POST https://graphql.predict.fun/graphql "HTTP/1.1 200 OK"
2026-07-14 06:27:01,463 INFO HTTP Request: POST https://graphql.predict.fun/graphql "HTTP/1.1 200 OK"
2026-07-14 06:27:31,054 INFO HTTP Request: POST https://graphql.predict.fun/graphql "HTTP/1.1 200 OK"
2026-07-14 06:28:01,132 INFO HTTP Request: POST https://graphql.predict.fun/graphql "HTTP/1.1 200 OK"
2026-07-14 06:29:31,106 INFO HTTP Request: POST https://graphql.predict.fun/graphql "HTTP/1.1 200 OK"
2026-07-14 06:30:00,995 INFO HTTP Request: POST https://graphql.predict.fun/graphql "HTTP/1.1 200 OK"
2026-07-14 06:30:31,090 INFO HTTP Request: POST https://graphql.predict.fun/graphql "HTTP/1.1 200 OK"
2026-07-14 06:31:31,409 INFO HTTP Request: POST https://graphql.predict.fun/graphql "HTTP/1.1 200 OK"
2026-07-14 06:32:01,049 INFO HTTP Request: POST https://graphql.predict.fun/graphql "HTTP/1.1 200 OK"
2026-07-14 06:32:30,935 INFO HTTP Request: POST https://graphql.predict.fun/graphql "HTTP/1.1 200 OK"
2026-07-14 06:33:01,080 INFO HTTP Request: POST https://graphql.predict.fun/graphql "HTTP/1.1 200 OK"
2026-07-14 06:33:31,121 INFO HTTP Request: POST https://graphql.predict.fun/graphql "HTTP/1.1 200 OK"
2026-07-14 06:34:01,178 INFO HTTP Request: POST https://graphql.predict.fun/graphql "HTTP/1.1 200 OK"
2026-07-14 06:35:00,899 INFO HTTP Request: POST https://graphql.predict.fun/graphql "HTTP/1.1 200 OK"
2026-07-14 06:35:31,127 INFO HTTP Request: POST https://graphql.predict.fun/graphql "HTTP/1.1 200 OK"
2026-07-14 06:36:01,160 INFO HTTP Request: POST https://graphql.predict.fun/graphql "HTTP/1.1 200 OK"
2026-07-14 06:36:30,880 INFO HTTP Request: POST https://graphql.predict.fun/graphql "HTTP/1.1 200 OK"
2026-07-14 06:37:00,999 INFO HTTP Request: POST https://graphql.predict.fun/graphql "HTTP/1.1 200 OK"
2026-07-14 06:37:31,082 INFO HTTP Request: POST https://graphql.predict.fun/graphql "HTTP/1.1 200 OK"
2026-07-14 06:38:01,669 INFO HTTP Request: POST https://graphql.predict.fun/graphql "HTTP/1.1 200 OK"
2026-07-14 06:38:31,128 INFO HTTP Request: POST https://graphql.predict.fun/graphql "HTTP/1.1 200 OK"
2026-07-14 06:39:01,431 INFO HTTP Request: POST https://graphql.predict.fun/graphql "HTTP/1.1 200 OK"
2026-07-14 06:39:31,078 INFO HTTP Request: POST https://graphql.predict.fun/graphql "HTTP/1.1 200 OK"
2026-07-14 06:40:01,011 INFO HTTP Request: POST https://graphql.predict.fun/graphql "HTTP/1.1 200 OK"
2026-07-14 06:40:31,013 INFO HTTP Request: POST https://graphql.predict.fun/graphql "HTTP/1.1 200 OK"
2026-07-14 06:41:01,100 INFO HTTP Request: POST https://graphql.predict.fun/graphql "HTTP/1.1 200 OK"
2026-07-14 06:41:31,019 INFO HTTP Request: POST https://graphql.predict.fun/graphql "HTTP/1.1 200 OK"
2026-07-14 06:42:01,171 INFO HTTP Request: POST https://graphql.predict.fun/graphql "HTTP/1.1 200 OK"
2026-07-14 06:42:31,259 INFO HTTP Request: POST https://graphql.predict.fun/graphql "HTTP/1.1 200 OK"
2026-07-14 06:43:00,785 INFO HTTP Request: POST https://graphql.predict.fun/graphql "HTTP/1.1 200 OK"
2026-07-14 06:43:31,304 INFO HTTP Request: POST https://graphql.predict.fun/graphql "HTTP/1.1 200 OK"
2026-07-14 06:44:00,954 INFO HTTP Request: POST https://graphql.predict.fun/graphql "HTTP/1.1 200 OK"
2026-07-14 06:44:31,330 INFO HTTP Request: POST https://graphql.predict.fun/graphql "HTTP/1.1 200 OK"
2026-07-14 06:45:01,235 INFO HTTP Request: POST https://graphql.predict.fun/graphql "HTTP/1.1 200 OK"
2026-07-14 06:45:32,354 INFO HTTP Request: POST https://graphql.predict.fun/graphql "HTTP/1.1 200 OK"
2026-07-14 06:46:01,021 INFO HTTP Request: POST https://graphql.predict.fun/graphql "HTTP/1.1 200 OK"
2026-07-14 06:46:30,854 INFO HTTP Request: POST https://graphql.predict.fun/graphql "HTTP/1.1 200 OK"
2026-07-14 06:47:01,052 INFO HTTP Request: POST https://graphql.predict.fun/graphql "HTTP/1.1 200 OK"
2026-07-14 06:47:30,959 INFO HTTP Request: POST https://graphql.predict.fun/graphql "HTTP/1.1 200 OK"
2026-07-14 06:48:01,331 INFO HTTP Request: POST https://graphql.predict.fun/graphql "HTTP/1.1 200 OK"
2026-07-14 06:49:01,057 INFO HTTP Request: POST https://graphql.predict.fun/graphql "HTTP/1.1 200 OK"
2026-07-14 06:49:31,460 INFO HTTP Request: POST https://graphql.predict.fun/graphql "HTTP/1.1 200 OK"
2026-07-14 06:50:00,890 INFO HTTP Request: POST https://graphql.predict.fun/graphql "HTTP/1.1 200 OK"
2026-07-14 06:50:31,188 INFO HTTP Request: POST https://graphql.predict.fun/graphql "HTTP/1.1 200 OK"
2026-07-14 06:51:01,158 INFO HTTP Request: POST https://graphql.predict.fun/graphql "HTTP/1.1 200 OK"
2026-07-14 06:51:30,964 INFO HTTP Request: POST https://graphql.predict.fun/graphql "HTTP/1.1 200 OK"
2026-07-14 06:52:02,150 INFO HTTP Request: POST https://graphql.predict.fun/graphql "HTTP/1.1 200 OK"
2026-07-14 06:52:31,009 INFO HTTP Request: POST https://graphql.predict.fun/graphql "HTTP/1.1 200 OK"
2026-07-14 06:53:01,470 INFO HTTP Request: POST https://graphql.predict.fun/graphql "HTTP/1.1 200 OK"
2026-07-14 06:53:30,995 INFO HTTP Request: POST https://graphql.predict.fun/graphql "HTTP/1.1 200 OK"
2026-07-14 06:54:01,249 INFO HTTP Request: POST https://graphql.predict.fun/graphql "HTTP/1.1 200 OK"
2026-07-14 06:54:31,517 INFO HTTP Request: POST https://graphql.predict.fun/graphql "HTTP/1.1 200 OK"
2026-07-14 06:55:00,841 INFO HTTP Request: POST https://graphql.predict.fun/graphql "HTTP/1.1 200 OK"
2026-07-14 06:55:30,973 INFO HTTP Request: POST https://graphql.predict.fun/graphql "HTTP/1.1 200 OK"
2026-07-14 06:56:01,682 INFO HTTP Request: POST https://graphql.predict.fun/graphql "HTTP/1.1 200 OK"
2026-07-14 06:56:30,896 INFO HTTP Request: POST https://graphql.predict.fun/graphql "HTTP/1.1 200 OK"
2026-07-14 06:57:01,827 INFO HTTP Request: POST https://graphql.predict.fun/graphql "HTTP/1.1 200 OK"
2026-07-14 06:57:31,155 INFO HTTP Request: POST https://graphql.predict.fun/graphql "HTTP/1.1 200 OK"
2026-07-14 06:58:01,127 INFO HTTP Request: POST https://graphql.predict.fun/graphql "HTTP/1.1 200 OK"
2026-07-14 06:58:31,127 INFO HTTP Request: POST https://graphql.predict.fun/graphql "HTTP/1.1 200 OK"
2026-07-14 06:59:01,014 INFO HTTP Request: POST https://graphql.predict.fun/graphql "HTTP/1.1 200 OK"
2026-07-14 06:59:31,469 INFO HTTP Request: POST https://graphql.predict.fun/graphql "HTTP/1.1 200 OK"
2026-07-14 07:00:00,868 INFO HTTP Request: POST https://graphql.predict.fun/graphql "HTTP/1.1 200 OK"
2026-07-14 07:00:30,939 INFO HTTP Request: POST https://graphql.predict.fun/graphql "HTTP/1.1 200 OK"
2026-07-14 07:01:01,254 INFO HTTP Request: POST https://graphql.predict.fun/graphql "HTTP/1.1 200 OK"
2026-07-14 07:01:31,308 INFO HTTP Request: POST https://graphql.predict.fun/graphql "HTTP/1.1 200 OK"
2026-07-14 07:02:00,854 INFO HTTP Request: POST https://graphql.predict.fun/graphql "HTTP/1.1 200 OK"
2026-07-14 07:02:30,788 INFO HTTP Request: POST https://graphql.predict.fun/graphql "HTTP/1.1 200 OK"
2026-07-14 07:03:01,030 INFO HTTP Request: POST https://graphql.predict.fun/graphql "HTTP/1.1 200 OK"
2026-07-14 07:04:01,109 INFO HTTP Request: POST https://graphql.predict.fun/graphql "HTTP/1.1 200 OK"
2026-07-14 07:04:30,921 INFO HTTP Request: POST https://graphql.predict.fun/graphql "HTTP/1.1 200 OK"
2026-07-14 07:05:01,468 INFO HTTP Request: POST https://graphql.predict.fun/graphql "HTTP/1.1 200 OK"
2026-07-14 07:05:31,057 INFO HTTP Request: POST https://graphql.predict.fun/graphql "HTTP/1.1 200 OK"
2026-07-14 07:06:02,430 INFO HTTP Request: POST https://graphql.predict.fun/graphql "HTTP/1.1 200 OK"
2026-07-14 07:06:31,148 INFO HTTP Request: POST https://graphql.predict.fun/graphql "HTTP/1.1 200 OK"
2026-07-14 07:07:00,890 INFO HTTP Request: POST https://graphql.predict.fun/graphql "HTTP/1.1 200 OK"
2026-07-14 07:07:31,483 INFO HTTP Request: POST https://graphql.predict.fun/graphql "HTTP/1.1 200 OK"
2026-07-14 07:08:00,975 INFO HTTP Request: POST https://graphql.predict.fun/graphql "HTTP/1.1 200 OK"
2026-07-14 07:08:31,164 INFO HTTP Request: POST https://graphql.predict.fun/graphql "HTTP/1.1 200 OK"
2026-07-14 07:09:00,852 INFO HTTP Request: POST https://graphql.predict.fun/graphql "HTTP/1.1 200 OK"
2026-07-14 07:09:30,748 INFO HTTP Request: POST https://graphql.predict.fun/graphql "HTTP/1.1 200 OK"
2026-07-14 07:10:01,425 INFO HTTP Request: POST https://graphql.predict.fun/graphql "HTTP/1.1 200 OK"
2026-07-14 07:10:31,084 INFO HTTP Request: POST https://graphql.predict.fun/graphql "HTTP/1.1 200 OK"
2026-07-14 07:11:01,218 INFO HTTP Request: POST https://graphql.predict.fun/graphql "HTTP/1.1 200 OK"
2026-07-14 07:11:30,788 INFO HTTP Request: POST https://graphql.predict.fun/graphql "HTTP/1.1 200 OK"
2026-07-14 07:12:01,234 INFO HTTP Request: POST https://graphql.predict.fun/graphql "HTTP/1.1 200 OK"
2026-07-14 07:12:30,764 INFO HTTP Request: POST https://graphql.predict.fun/graphql "HTTP/1.1 200 OK"
2026-07-14 07:13:01,272 INFO HTTP Request: POST https://graphql.predict.fun/graphql "HTTP/1.1 200 OK"
2026-07-14 07:13:30,831 INFO HTTP Request: POST https://graphql.predict.fun/graphql "HTTP/1.1 200 OK"
2026-07-14 07:14:00,971 INFO HTTP Request: POST https://graphql.predict.fun/graphql "HTTP/1.1 200 OK"
2026-07-14 07:14:30,923 INFO HTTP Request: POST https://graphql.predict.fun/graphql "HTTP/1.1 200 OK"
2026-07-14 07:15:01,152 INFO HTTP Request: POST https://graphql.predict.fun/graphql "HTTP/1.1 200 OK"
2026-07-14 07:15:31,195 INFO HTTP Request: POST https://graphql.predict.fun/graphql "HTTP/1.1 200 OK"
2026-07-14 07:16:01,045 INFO HTTP Request: POST https://graphql.predict.fun/graphql "HTTP/1.1 200 OK"
2026-07-14 07:16:31,123 INFO HTTP Request: POST https://graphql.predict.fun/graphql "HTTP/1.1 200 OK"
2026-07-14 07:17:01,284 INFO HTTP Request: POST https://graphql.predict.fun/graphql "HTTP/1.1 200 OK"
2026-07-14 07:17:31,493 INFO HTTP Request: POST https://graphql.predict.fun/graphql "HTTP/1.1 200 OK"
2026-07-14 07:18:01,237 INFO HTTP Request: POST https://graphql.predict.fun/graphql "HTTP/1.1 200 OK"
2026-07-14 07:18:31,637 INFO HTTP Request: POST https://graphql.predict.fun/graphql "HTTP/1.1 200 OK"
2026-07-14 07:19:01,289 INFO HTTP Request: POST https://graphql.predict.fun/graphql "HTTP/1.1 200 OK"
2026-07-14 07:20:30,369 INFO HTTP Request: POST https://graphql.predict.fun/graphql "HTTP/1.1 200 OK"
2026-07-14 07:20:30,374 INFO [LIVE] start. db=monitoring/shadow.db book=predictfun market=768159
2026-07-14 07:20:30,438 INFO [FEED] connected btcusdt@trade
2026-07-14 07:20:30,602 INFO HTTP Request: GET https://api.predict.fun/v1/markets/768159 "HTTP/1.1 200 OK"
2026-07-14 07:21:00,895 INFO HTTP Request: POST https://graphql.predict.fun/graphql "HTTP/1.1 200 OK"
2026-07-14 07:21:31,245 INFO HTTP Request: POST https://graphql.predict.fun/graphql "HTTP/1.1 200 OK"
2026-07-14 07:22:01,603 INFO HTTP Request: POST https://graphql.predict.fun/graphql "HTTP/1.1 200 OK"
2026-07-14 07:22:30,897 INFO HTTP Request: POST https://graphql.predict.fun/graphql "HTTP/1.1 200 OK"
2026-07-14 07:23:01,051 INFO HTTP Request: POST https://graphql.predict.fun/graphql "HTTP/1.1 200 OK"
2026-07-14 07:23:31,679 INFO HTTP Request: POST https://graphql.predict.fun/graphql "HTTP/1.1 200 OK"
2026-07-14 07:24:01,220 INFO HTTP Request: POST https://graphql.predict.fun/graphql "HTTP/1.1 200 OK"
2026-07-14 07:24:31,085 INFO HTTP Request: POST https://graphql.predict.fun/graphql "HTTP/1.1 200 OK"
2026-07-14 07:25:27,096 INFO HTTP Request: POST https://graphql.predict.fun/graphql "HTTP/1.1 200 OK"
2026-07-14 07:25:27,102 INFO [LIVE] start. db=monitoring/shadow.db book=predictfun market=768159
2026-07-14 07:25:27,168 INFO [FEED] connected btcusdt@trade
2026-07-14 07:25:27,801 INFO HTTP Request: GET https://api.predict.fun/v1/markets/768159 "HTTP/1.1 200 OK"
