2026-07-19 17:35:09,529 INFO local written: /root/Crypto-Backtesting-Lab/trades/trades_20260719_173509.json (27 records)
2026-07-19 17:35:10,651 INFO github persist: True pushed
OK trades_20260719_173509.json records=27
2026-07-19 17:45:30,951 INFO local written: /root/Crypto-Backtesting-Lab/trades/trades_20260719_174530.json (27 records)
2026-07-19 17:45:32,386 INFO github persist: True pushed
OK trades_20260719_174530.json records=27
2026-07-19 17:56:30,961 INFO local written: /root/Crypto-Backtesting-Lab/trades/trades_20260719_175630.json (27 records)
2026-07-19 17:56:32,196 INFO github persist: True pushed
OK trades_20260719_175630.json records=27
2026-07-19 18:07:30,838 INFO local written: /root/Crypto-Backtesting-Lab/trades/trades_20260719_180730.json (27 records)
2026-07-19 18:07:32,180 INFO github persist: True pushed
OK trades_20260719_180730.json records=27
2026-07-19 18:18:31,021 INFO local written: /root/Crypto-Backtesting-Lab/trades/trades_20260719_181831.json (27 records)
2026-07-19 18:18:32,162 INFO github persist: True pushed
OK trades_20260719_181831.json records=27
2026-07-19 18:29:30,805 INFO local written: /root/Crypto-Backtesting-Lab/trades/trades_20260719_182930.json (3 records)
2026-07-19 18:29:32,205 INFO github persist: True pushed
OK trades_20260719_182930.json records=3
2026-07-19 18:29:48,826 INFO local written: /root/Crypto-Backtesting-Lab/trades/trades_20260719_182948.json (3 records)
2026-07-19 18:29:50,105 INFO github persist: True pushed
OK trades_20260719_182948.json records=3
2026-07-19 18:40:30,771 INFO local written: /root/Crypto-Backtesting-Lab/trades/trades_20260719_184030.json (3 records)
2026-07-19 18:40:31,725 INFO github persist: True pushed
OK trades_20260719_184030.json records=3
2026-07-19 18:51:30,770 INFO local written: /root/Crypto-Backtesting-Lab/trades/trades_20260719_185130.json (3 records)
2026-07-19 18:51:31,745 INFO github persist: True pushed
OK trades_20260719_185130.json records=3
2026-07-19 19:02:33,291 INFO local written: /root/Crypto-Backtesting-Lab/trades/trades_20260719_190233.json (3 records)
2026-07-19 19:02:34,251 INFO github persist: True pushed
OK trades_20260719_190233.json records=3
2026-07-19 19:13:32,665 INFO local written: /root/Crypto-Backtesting-Lab/trades/trades_20260719_191332.json (66 records)
2026-07-19 19:13:33,865 INFO github persist: True pushed
OK trades_20260719_191332.json records=66
2026-07-19 19:24:33,564 WARNING ccxt positions err: name '_ccxt_sym' is not defined
2026-07-19 19:24:33,794 INFO local written: /root/Crypto-Backtesting-Lab/trades/trades_20260719_192433.json (63 records)
2026-07-19 19:24:34,974 INFO github persist: True pushed
OK trades_20260719_192433.json records=63
2026-07-19 19:35:32,586 WARNING ccxt positions err: name '_ccxt_sym' is not defined
2026-07-19 19:35:32,747 INFO local written: /root/Crypto-Backtesting-Lab/trades/trades_20260719_193532.json (24 records)
2026-07-19 19:35:33,709 INFO github persist: True pushed
OK trades_20260719_193532.json records=24
2026-07-19 19:46:32,573 WARNING ccxt positions err: name '_ccxt_sym' is not defined
2026-07-19 19:46:32,748 INFO local written: /root/Crypto-Backtesting-Lab/trades/trades_20260719_194632.json (24 records)
2026-07-19 19:46:33,819 INFO github persist: True pushed
OK trades_20260719_194632.json records=24
2026-07-19 19:57:32,486 WARNING ccxt positions err: name '_ccxt_sym' is not defined
2026-07-19 19:57:32,654 INFO local written: /root/Crypto-Backtesting-Lab/trades/trades_20260719_195732.json (24 records)
2026-07-19 19:57:33,610 INFO github persist: True pushed
OK trades_20260719_195732.json records=24
2026-07-19 20:08:32,689 WARNING ccxt positions err: name '_ccxt_sym' is not defined
2026-07-19 20:08:32,853 INFO local written: /root/Crypto-Backtesting-Lab/trades/trades_20260719_200832.json (24 records)
2026-07-19 20:08:33,919 INFO github persist: True pushed
OK trades_20260719_200832.json records=24
2026-07-19 20:19:34,153 WARNING ccxt positions err: name '_ccxt_sym' is not defined
2026-07-19 20:19:34,359 INFO local written: /root/Crypto-Backtesting-Lab/trades/trades_20260719_201934.json (24 records)
2026-07-19 20:19:35,807 INFO github persist: True pushed
OK trades_20260719_201934.json records=24
2026-07-19 20:30:32,490 WARNING ccxt positions err: name '_ccxt_sym' is not defined
2026-07-19 20:30:32,662 INFO local written: /root/Crypto-Backtesting-Lab/trades/trades_20260719_203032.json (24 records)
2026-07-19 20:30:34,109 INFO github persist: True pushed
OK trades_20260719_203032.json records=24
2026-07-19 20:41:32,946 WARNING ccxt positions err: name '_ccxt_sym' is not defined
2026-07-19 20:41:33,124 INFO local written: /root/Crypto-Backtesting-Lab/trades/trades_20260719_204133.json (24 records)
2026-07-19 20:41:35,928 INFO github persist: True pushed
OK trades_20260719_204133.json records=24
2026-07-19 20:52:32,447 WARNING ccxt positions err: name '_ccxt_sym' is not defined
2026-07-19 20:52:32,620 INFO local written: /root/Crypto-Backtesting-Lab/trades/trades_20260719_205232.json (24 records)
2026-07-19 20:52:33,614 INFO github persist: True pushed
OK trades_20260719_205232.json records=24
2026-07-19 21:03:32,942 WARNING ccxt positions err: name '_ccxt_sym' is not defined
2026-07-19 21:03:33,120 INFO local written: /root/Crypto-Backtesting-Lab/trades/trades_20260719_210333.json (24 records)
2026-07-19 21:03:34,106 INFO github persist: True pushed
OK trades_20260719_210333.json records=24
2026-07-19 21:14:32,508 WARNING ccxt positions err: name '_ccxt_sym' is not defined
2026-07-19 21:14:32,669 INFO local written: /root/Crypto-Backtesting-Lab/trades/trades_20260719_211432.json (24 records)
2026-07-19 21:14:33,704 INFO github persist: True pushed
OK trades_20260719_211432.json records=24
2026-07-19 21:25:35,524 WARNING ccxt positions err: name '_ccxt_sym' is not defined
2026-07-19 21:25:35,780 INFO local written: /root/Crypto-Backtesting-Lab/trades/trades_20260719_212535.json (24 records)
2026-07-19 21:25:37,148 INFO github persist: True pushed
OK trades_20260719_212535.json records=24
2026-07-19 21:36:33,819 WARNING ccxt positions err: name '_ccxt_sym' is not defined
2026-07-19 21:36:34,059 INFO local written: /root/Crypto-Backtesting-Lab/trades/trades_20260719_213634.json (24 records)
2026-07-19 21:36:35,107 INFO github persist: True pushed
OK trades_20260719_213634.json records=24
2026-07-19 21:47:33,502 WARNING ccxt positions err: name '_ccxt_sym' is not defined
2026-07-19 21:47:33,725 INFO local written: /root/Crypto-Backtesting-Lab/trades/trades_20260719_214733.json (24 records)
2026-07-19 21:47:34,781 INFO github persist: True pushed
OK trades_20260719_214733.json records=24
2026-07-19 21:58:33,653 WARNING ccxt positions err: name '_ccxt_sym' is not defined
2026-07-19 21:58:33,872 INFO local written: /root/Crypto-Backtesting-Lab/trades/trades_20260719_215833.json (24 records)
2026-07-19 21:58:34,845 INFO github persist: True pushed
OK trades_20260719_215833.json records=24
2026-07-19 22:09:33,406 WARNING ccxt positions err: name '_ccxt_sym' is not defined
2026-07-19 22:09:33,662 INFO local written: /root/Crypto-Backtesting-Lab/trades/trades_20260719_220933.json (24 records)
2026-07-19 22:09:34,736 INFO github persist: True pushed
OK trades_20260719_220933.json records=24
2026-07-19 22:20:34,130 WARNING ccxt positions err: name '_ccxt_sym' is not defined
2026-07-19 22:20:34,308 INFO local written: /root/Crypto-Backtesting-Lab/trades/trades_20260719_222034.json (24 records)
2026-07-19 22:20:35,262 INFO github persist: True pushed
OK trades_20260719_222034.json records=24
2026-07-19 22:31:32,320 WARNING ccxt positions err: name '_ccxt_sym' is not defined
2026-07-19 22:31:32,487 INFO local written: /root/Crypto-Backtesting-Lab/trades/trades_20260719_223132.json (24 records)
2026-07-19 22:31:33,471 INFO github persist: True pushed
OK trades_20260719_223132.json records=24
2026-07-19 22:42:32,740 WARNING ccxt positions err: name '_ccxt_sym' is not defined
2026-07-19 22:42:32,902 INFO local written: /root/Crypto-Backtesting-Lab/trades/trades_20260719_224232.json (25 records)
2026-07-19 22:42:34,137 INFO github persist: True pushed
OK trades_20260719_224232.json records=25
2026-07-19 22:53:32,883 WARNING ccxt positions err: name '_ccxt_sym' is not defined
2026-07-19 22:53:33,043 INFO local written: /root/Crypto-Backtesting-Lab/trades/trades_20260719_225333.json (25 records)
2026-07-19 22:53:34,183 INFO github persist: True pushed
OK trades_20260719_225333.json records=25
2026-07-19 23:04:32,802 WARNING ccxt positions err: name '_ccxt_sym' is not defined
2026-07-19 23:04:33,000 INFO local written: /root/Crypto-Backtesting-Lab/trades/trades_20260719_230432.json (25 records)
2026-07-19 23:04:34,208 INFO github persist: True pushed
OK trades_20260719_230432.json records=25
2026-07-19 23:15:32,446 WARNING ccxt positions err: name '_ccxt_sym' is not defined
2026-07-19 23:15:32,602 INFO local written: /root/Crypto-Backtesting-Lab/trades/trades_20260719_231532.json (25 records)
2026-07-19 23:15:33,720 INFO github persist: True pushed
OK trades_20260719_231532.json records=25
2026-07-19 23:26:33,744 WARNING ccxt positions err: name '_ccxt_sym' is not defined
2026-07-19 23:26:33,920 INFO local written: /root/Crypto-Backtesting-Lab/trades/trades_20260719_232633.json (25 records)
2026-07-19 23:26:35,056 INFO github persist: True pushed
OK trades_20260719_232633.json records=25
2026-07-19 23:37:32,731 WARNING ccxt positions err: name '_ccxt_sym' is not defined
2026-07-19 23:37:33,093 INFO local written: /root/Crypto-Backtesting-Lab/trades/trades_20260719_233733.json (25 records)
2026-07-19 23:37:34,331 INFO github persist: True pushed
OK trades_20260719_233733.json records=25
2026-07-19 23:48:32,656 WARNING ccxt positions err: name '_ccxt_sym' is not defined
2026-07-19 23:48:32,819 INFO local written: /root/Crypto-Backtesting-Lab/trades/trades_20260719_234832.json (25 records)
2026-07-19 23:48:33,987 INFO github persist: True pushed
OK trades_20260719_234832.json records=25
2026-07-19 23:59:32,383 WARNING ccxt positions err: name '_ccxt_sym' is not defined
2026-07-19 23:59:32,558 INFO local written: /root/Crypto-Backtesting-Lab/trades/trades_20260719_235932.json (25 records)
2026-07-19 23:59:33,674 INFO github persist: True pushed
OK trades_20260719_235932.json records=25
2026-07-20 00:10:32,579 WARNING ccxt positions err: name '_ccxt_sym' is not defined
2026-07-20 00:10:32,741 INFO local written: /root/Crypto-Backtesting-Lab/trades/trades_20260720_001032.json (25 records)
2026-07-20 00:10:33,903 INFO github persist: True pushed
OK trades_20260720_001032.json records=25
2026-07-20 00:21:33,725 WARNING ccxt positions err: name '_ccxt_sym' is not defined
2026-07-20 00:21:33,895 INFO local written: /root/Crypto-Backtesting-Lab/trades/trades_20260720_002133.json (25 records)
2026-07-20 00:21:35,096 INFO github persist: True pushed
OK trades_20260720_002133.json records=25
2026-07-20 00:32:32,320 WARNING ccxt positions err: name '_ccxt_sym' is not defined
2026-07-20 00:32:32,483 INFO local written: /root/Crypto-Backtesting-Lab/trades/trades_20260720_003232.json (25 records)
2026-07-20 00:32:33,752 INFO github persist: True pushed
OK trades_20260720_003232.json records=25
2026-07-20 00:43:32,665 WARNING ccxt positions err: name '_ccxt_sym' is not defined
2026-07-20 00:43:32,825 INFO local written: /root/Crypto-Backtesting-Lab/trades/trades_20260720_004332.json (25 records)
2026-07-20 00:43:34,017 INFO github persist: True pushed
OK trades_20260720_004332.json records=25
2026-07-20 00:54:32,608 WARNING ccxt positions err: name '_ccxt_sym' is not defined
2026-07-20 00:54:32,792 INFO local written: /root/Crypto-Backtesting-Lab/trades/trades_20260720_005432.json (25 records)
2026-07-20 00:54:34,170 INFO github persist: True pushed
OK trades_20260720_005432.json records=25
2026-07-20 01:05:32,912 WARNING ccxt positions err: name '_ccxt_sym' is not defined
2026-07-20 01:05:33,079 INFO local written: /root/Crypto-Backtesting-Lab/trades/trades_20260720_010533.json (25 records)
2026-07-20 01:05:34,182 INFO github persist: True pushed
OK trades_20260720_010533.json records=25
2026-07-20 01:16:32,409 WARNING ccxt positions err: name '_ccxt_sym' is not defined
2026-07-20 01:16:32,561 INFO local written: /root/Crypto-Backtesting-Lab/trades/trades_20260720_011632.json (25 records)
2026-07-20 01:16:33,865 INFO github persist: True pushed
OK trades_20260720_011632.json records=25
2026-07-20 01:27:32,457 WARNING ccxt positions err: name '_ccxt_sym' is not defined
2026-07-20 01:27:32,629 INFO local written: /root/Crypto-Backtesting-Lab/trades/trades_20260720_012732.json (25 records)
2026-07-20 01:27:34,244 INFO github persist: True pushed
OK trades_20260720_012732.json records=25
2026-07-20 01:38:32,612 WARNING ccxt positions err: name '_ccxt_sym' is not defined
2026-07-20 01:38:32,770 INFO local written: /root/Crypto-Backtesting-Lab/trades/trades_20260720_013832.json (25 records)
2026-07-20 01:38:34,059 INFO github persist: True pushed
OK trades_20260720_013832.json records=25
2026-07-20 01:49:32,658 WARNING ccxt positions err: name '_ccxt_sym' is not defined
2026-07-20 01:49:32,815 INFO local written: /root/Crypto-Backtesting-Lab/trades/trades_20260720_014932.json (25 records)
2026-07-20 01:49:34,633 INFO github persist: True pushed
OK trades_20260720_014932.json records=25
2026-07-20 02:00:32,278 WARNING ccxt positions err: name '_ccxt_sym' is not defined
2026-07-20 02:00:32,541 INFO local written: /root/Crypto-Backtesting-Lab/trades/trades_20260720_020032.json (25 records)
2026-07-20 02:00:37,540 INFO github persist: True pushed
OK trades_20260720_020032.json records=25
2026-07-20 02:11:32,755 WARNING ccxt positions err: name '_ccxt_sym' is not defined
2026-07-20 02:11:32,914 INFO local written: /root/Crypto-Backtesting-Lab/trades/trades_20260720_021132.json (25 records)
2026-07-20 02:11:35,395 INFO github persist: False HTTP Error 503: Service Unavailable
OK trades_20260720_021132.json records=25
2026-07-20 02:22:34,277 WARNING ccxt positions err: name '_ccxt_sym' is not defined
2026-07-20 02:22:34,448 INFO local written: /root/Crypto-Backtesting-Lab/trades/trades_20260720_022234.json (25 records)
2026-07-20 02:22:39,356 INFO github persist: True pushed
OK trades_20260720_022234.json records=25
2026-07-20 02:33:32,718 WARNING ccxt positions err: name '_ccxt_sym' is not defined
2026-07-20 02:33:32,881 INFO local written: /root/Crypto-Backtesting-Lab/trades/trades_20260720_023332.json (25 records)
2026-07-20 02:33:40,095 INFO github persist: True pushed
OK trades_20260720_023332.json records=25
2026-07-20 02:44:32,688 WARNING ccxt positions err: name '_ccxt_sym' is not defined
2026-07-20 02:44:32,955 INFO local written: /root/Crypto-Backtesting-Lab/trades/trades_20260720_024432.json (25 records)
2026-07-20 02:44:37,030 INFO github persist: True pushed
OK trades_20260720_024432.json records=25
2026-07-20 02:55:33,554 WARNING ccxt positions err: name '_ccxt_sym' is not defined
2026-07-20 02:55:33,801 INFO local written: /root/Crypto-Backtesting-Lab/trades/trades_20260720_025533.json (25 records)
2026-07-20 02:55:41,251 INFO github persist: True pushed
OK trades_20260720_025533.json records=25
2026-07-20 03:05:59,881 INFO local written: /root/Crypto-Backtesting-Lab/trades/trades_20260720_030559.json (28 records)
2026-07-20 03:06:02,403 INFO github persist: False HTTP Error 503: Service Unavailable
OK trades_20260720_030559.json records=28
2026-07-20 03:16:34,281 WARNING ccxt positions err: name '_ccxt_sym' is not defined
2026-07-20 03:16:34,526 INFO local written: /root/Crypto-Backtesting-Lab/trades/trades_20260720_031634.json (28 records)
2026-07-20 03:16:37,393 INFO github persist: False HTTP Error 503: Service Unavailable
OK trades_20260720_031634.json records=28
2026-07-20 03:27:35,303 WARNING ccxt positions err: name '_ccxt_sym' is not defined
2026-07-20 03:27:35,559 INFO local written: /root/Crypto-Backtesting-Lab/trades/trades_20260720_032735.json (28 records)
2026-07-20 03:27:39,744 INFO github persist: True pushed
OK trades_20260720_032735.json records=28
2026-07-20 03:38:33,775 WARNING ccxt positions err: name '_ccxt_sym' is not defined
2026-07-20 03:38:33,999 INFO local written: /root/Crypto-Backtesting-Lab/trades/trades_20260720_033833.json (28 records)
2026-07-20 03:38:37,340 INFO github persist: True pushed
OK trades_20260720_033833.json records=28
2026-07-20 03:49:33,930 WARNING ccxt positions err: name '_ccxt_sym' is not defined
2026-07-20 03:49:34,151 INFO local written: /root/Crypto-Backtesting-Lab/trades/trades_20260720_034934.json (28 records)
2026-07-20 03:49:36,199 INFO github persist: True pushed
OK trades_20260720_034934.json records=28
2026-07-20 04:00:33,756 WARNING ccxt positions err: name '_ccxt_sym' is not defined
2026-07-20 04:00:34,025 INFO local written: /root/Crypto-Backtesting-Lab/trades/trades_20260720_040034.json (28 records)
2026-07-20 04:00:35,677 INFO github persist: True pushed
OK trades_20260720_040034.json records=28
2026-07-20 04:11:32,465 WARNING ccxt positions err: name '_ccxt_sym' is not defined
2026-07-20 04:11:32,649 INFO local written: /root/Crypto-Backtesting-Lab/trades/trades_20260720_041132.json (28 records)
2026-07-20 04:11:33,990 INFO github persist: True pushed
OK trades_20260720_041132.json records=28
2026-07-20 04:22:33,495 WARNING ccxt positions err: name '_ccxt_sym' is not defined
2026-07-20 04:22:33,747 INFO local written: /root/Crypto-Backtesting-Lab/trades/trades_20260720_042233.json (28 records)
2026-07-20 04:22:34,914 INFO github persist: True pushed
OK trades_20260720_042233.json records=28
2026-07-20 04:33:32,624 WARNING ccxt positions err: name '_ccxt_sym' is not defined
2026-07-20 04:33:32,787 INFO local written: /root/Crypto-Backtesting-Lab/trades/trades_20260720_043332.json (28 records)
2026-07-20 04:33:33,900 INFO github persist: True pushed
OK trades_20260720_043332.json records=28
2026-07-20 04:44:32,429 WARNING ccxt positions err: name '_ccxt_sym' is not defined
2026-07-20 04:44:32,595 INFO local written: /root/Crypto-Backtesting-Lab/trades/trades_20260720_044432.json (28 records)
2026-07-20 04:44:33,638 INFO github persist: True pushed
OK trades_20260720_044432.json records=28
2026-07-20 04:55:32,564 WARNING ccxt positions err: name '_ccxt_sym' is not defined
2026-07-20 04:55:32,730 INFO local written: /root/Crypto-Backtesting-Lab/trades/trades_20260720_045532.json (28 records)
2026-07-20 04:55:34,061 INFO github persist: True pushed
OK trades_20260720_045532.json records=28
2026-07-20 05:06:32,673 WARNING ccxt positions err: name '_ccxt_sym' is not defined
2026-07-20 05:06:32,849 INFO local written: /root/Crypto-Backtesting-Lab/trades/trades_20260720_050632.json (28 records)
2026-07-20 05:06:33,856 INFO github persist: True pushed
OK trades_20260720_050632.json records=28
2026-07-20 05:17:33,944 WARNING ccxt positions err: name '_ccxt_sym' is not defined
2026-07-20 05:17:34,124 INFO local written: /root/Crypto-Backtesting-Lab/trades/trades_20260720_051734.json (28 records)
2026-07-20 05:17:35,178 INFO github persist: True pushed
OK trades_20260720_051734.json records=28
2026-07-20 05:28:32,474 WARNING ccxt positions err: name '_ccxt_sym' is not defined
2026-07-20 05:28:32,623 INFO local written: /root/Crypto-Backtesting-Lab/trades/trades_20260720_052832.json (28 records)
2026-07-20 05:28:33,859 INFO github persist: True pushed
OK trades_20260720_052832.json records=28
2026-07-20 05:39:32,632 WARNING ccxt positions err: name '_ccxt_sym' is not defined
2026-07-20 05:39:32,791 INFO local written: /root/Crypto-Backtesting-Lab/trades/trades_20260720_053932.json (28 records)
2026-07-20 05:39:34,242 INFO github persist: True pushed
OK trades_20260720_053932.json records=28
2026-07-20 05:50:06,549 WARNING ccxt positions err: name '_ccxt_sym' is not defined
2026-07-20 05:50:06,714 INFO local written: /root/Crypto-Backtesting-Lab/trades/trades_20260720_055006.json (28 records)
2026-07-20 05:50:07,841 INFO github persist: True pushed
OK trades_20260720_055006.json records=28
2026-07-20 06:00:34,417 WARNING ccxt positions err: name '_ccxt_sym' is not defined
2026-07-20 06:00:34,676 INFO local written: /root/Crypto-Backtesting-Lab/trades/trades_20260720_060034.json (28 records)
2026-07-20 06:00:35,937 INFO github persist: True pushed
OK trades_20260720_060034.json records=28
2026-07-20 12:11:33,913 WARNING ccxt positions err: name '_ccxt_sym' is not defined
2026-07-20 12:11:34,119 INFO local written: /root/Crypto-Backtesting-Lab/trades/trades_20260720_121134.json (28 records)
2026-07-20 12:11:35,424 INFO github persist: True pushed
OK trades_20260720_121134.json records=28
2026-07-20 12:22:35,649 WARNING ccxt positions err: name '_ccxt_sym' is not defined
2026-07-20 12:22:35,918 INFO local written: /root/Crypto-Backtesting-Lab/trades/trades_20260720_122235.json (28 records)
2026-07-20 12:22:37,078 INFO github persist: True pushed
OK trades_20260720_122235.json records=28
2026-07-20 12:33:33,552 WARNING ccxt positions err: name '_ccxt_sym' is not defined
2026-07-20 12:33:33,782 INFO local written: /root/Crypto-Backtesting-Lab/trades/trades_20260720_123333.json (28 records)
2026-07-20 12:33:34,825 INFO github persist: True pushed
OK trades_20260720_123333.json records=28
2026-07-20 12:44:34,077 WARNING ccxt positions err: name '_ccxt_sym' is not defined
2026-07-20 12:44:34,343 INFO local written: /root/Crypto-Backtesting-Lab/trades/trades_20260720_124434.json (28 records)
2026-07-20 12:44:35,551 INFO github persist: True pushed
OK trades_20260720_124434.json records=28
2026-07-20 12:55:33,706 WARNING ccxt positions err: name '_ccxt_sym' is not defined
2026-07-20 12:55:33,950 INFO local written: /root/Crypto-Backtesting-Lab/trades/trades_20260720_125533.json (28 records)
2026-07-20 12:55:35,203 INFO github persist: True pushed
OK trades_20260720_125533.json records=28
2026-07-20 13:06:33,555 WARNING ccxt positions err: name '_ccxt_sym' is not defined
2026-07-20 13:06:33,817 INFO local written: /root/Crypto-Backtesting-Lab/trades/trades_20260720_130633.json (28 records)
2026-07-20 13:06:35,011 INFO github persist: True pushed
OK trades_20260720_130633.json records=28
2026-07-20 13:17:33,733 WARNING ccxt positions err: name '_ccxt_sym' is not defined
2026-07-20 13:17:33,916 INFO local written: /root/Crypto-Backtesting-Lab/trades/trades_20260720_131733.json (28 records)
2026-07-20 13:17:35,150 INFO github persist: True pushed
OK trades_20260720_131733.json records=28
2026-07-20 13:28:32,644 WARNING ccxt positions err: name '_ccxt_sym' is not defined
2026-07-20 13:28:32,809 INFO local written: /root/Crypto-Backtesting-Lab/trades/trades_20260720_132832.json (28 records)
2026-07-20 13:28:34,160 INFO github persist: True pushed
OK trades_20260720_132832.json records=28
2026-07-20 13:39:32,612 WARNING ccxt positions err: name '_ccxt_sym' is not defined
2026-07-20 13:39:32,774 INFO local written: /root/Crypto-Backtesting-Lab/trades/trades_20260720_133932.json (28 records)
2026-07-20 13:39:34,500 INFO github persist: True pushed
OK trades_20260720_133932.json records=28
2026-07-20 13:50:32,788 WARNING ccxt positions err: name '_ccxt_sym' is not defined
2026-07-20 13:50:32,962 INFO local written: /root/Crypto-Backtesting-Lab/trades/trades_20260720_135032.json (28 records)
2026-07-20 13:50:34,447 INFO github persist: True pushed
OK trades_20260720_135032.json records=28
2026-07-20 14:01:32,262 WARNING ccxt positions err: name '_ccxt_sym' is not defined
2026-07-20 14:01:32,424 INFO local written: /root/Crypto-Backtesting-Lab/trades/trades_20260720_140132.json (28 records)
2026-07-20 14:01:33,623 INFO github persist: True pushed
OK trades_20260720_140132.json records=28
2026-07-20 14:12:32,743 WARNING ccxt positions err: name '_ccxt_sym' is not defined
2026-07-20 14:12:32,907 INFO local written: /root/Crypto-Backtesting-Lab/trades/trades_20260720_141232.json (28 records)
2026-07-20 14:12:34,019 INFO github persist: True pushed
OK trades_20260720_141232.json records=28
2026-07-20 14:23:34,343 WARNING ccxt positions err: name '_ccxt_sym' is not defined
2026-07-20 14:23:34,534 INFO local written: /root/Crypto-Backtesting-Lab/trades/trades_20260720_142334.json (28 records)
2026-07-20 14:23:35,773 INFO github persist: True pushed
OK trades_20260720_142334.json records=28
2026-07-20 14:34:32,970 WARNING ccxt positions err: name '_ccxt_sym' is not defined
2026-07-20 14:34:33,141 INFO local written: /root/Crypto-Backtesting-Lab/trades/trades_20260720_143433.json (28 records)
2026-07-20 14:34:34,462 INFO github persist: True pushed
OK trades_20260720_143433.json records=28
2026-07-20 14:45:32,997 INFO local written: /root/Crypto-Backtesting-Lab/trades/trades_20260720_144532.json (29 records)
2026-07-20 14:45:34,198 INFO github persist: True pushed
OK trades_20260720_144532.json records=29
2026-07-20 14:56:33,068 INFO local written: /root/Crypto-Backtesting-Lab/trades/trades_20260720_145633.json (29 records)
2026-07-20 14:56:34,306 INFO github persist: True pushed
OK trades_20260720_145633.json records=29
2026-07-20 15:07:33,036 INFO local written: /root/Crypto-Backtesting-Lab/trades/trades_20260720_150733.json (29 records)
2026-07-20 15:07:34,248 INFO github persist: True pushed
OK trades_20260720_150733.json records=29
2026-07-20 15:18:33,885 INFO local written: /root/Crypto-Backtesting-Lab/trades/trades_20260720_151833.json (29 records)
2026-07-20 15:18:35,154 INFO github persist: True pushed
OK trades_20260720_151833.json records=29
2026-07-20 15:29:32,878 INFO local written: /root/Crypto-Backtesting-Lab/trades/trades_20260720_152932.json (29 records)
2026-07-20 15:29:34,079 INFO github persist: True pushed
OK trades_20260720_152932.json records=29
2026-07-20 15:40:33,062 INFO local written: /root/Crypto-Backtesting-Lab/trades/trades_20260720_154033.json (29 records)
2026-07-20 15:40:34,232 INFO github persist: True pushed
OK trades_20260720_154033.json records=29
2026-07-20 15:51:32,606 WARNING ccxt positions err: name '_ccxt_sym' is not defined
2026-07-20 15:51:32,774 INFO local written: /root/Crypto-Backtesting-Lab/trades/trades_20260720_155132.json (29 records)
2026-07-20 15:51:34,004 INFO github persist: True pushed
OK trades_20260720_155132.json records=29
2026-07-20 16:02:32,634 WARNING ccxt positions err: name '_ccxt_sym' is not defined
2026-07-20 16:02:32,803 INFO local written: /root/Crypto-Backtesting-Lab/trades/trades_20260720_160232.json (29 records)
2026-07-20 16:02:34,015 INFO github persist: True pushed
OK trades_20260720_160232.json records=29
2026-07-20 16:13:32,645 WARNING ccxt positions err: name '_ccxt_sym' is not defined
2026-07-20 16:13:32,821 INFO local written: /root/Crypto-Backtesting-Lab/trades/trades_20260720_161332.json (29 records)
2026-07-20 16:13:34,068 INFO github persist: True pushed
OK trades_20260720_161332.json records=29
2026-07-20 16:24:33,759 WARNING ccxt positions err: name '_ccxt_sym' is not defined
2026-07-20 16:24:33,917 INFO local written: /root/Crypto-Backtesting-Lab/trades/trades_20260720_162433.json (29 records)
2026-07-20 16:24:35,202 INFO github persist: True pushed
OK trades_20260720_162433.json records=29
2026-07-20 16:35:32,949 WARNING ccxt positions err: name '_ccxt_sym' is not defined
2026-07-20 16:35:33,233 INFO local written: /root/Crypto-Backtesting-Lab/trades/trades_20260720_163533.json (29 records)
2026-07-20 16:35:34,525 INFO github persist: True pushed
OK trades_20260720_163533.json records=29
2026-07-20 16:46:32,433 WARNING ccxt positions err: name '_ccxt_sym' is not defined
2026-07-20 16:46:32,598 INFO local written: /root/Crypto-Backtesting-Lab/trades/trades_20260720_164632.json (29 records)
2026-07-20 16:46:33,906 INFO github persist: True pushed
OK trades_20260720_164632.json records=29
2026-07-20 16:57:32,529 WARNING ccxt positions err: name '_ccxt_sym' is not defined
2026-07-20 16:57:32,699 INFO local written: /root/Crypto-Backtesting-Lab/trades/trades_20260720_165732.json (29 records)
2026-07-20 16:57:33,892 INFO github persist: True pushed
OK trades_20260720_165732.json records=29
2026-07-20 17:08:32,530 WARNING ccxt positions err: name '_ccxt_sym' is not defined
2026-07-20 17:08:32,698 INFO local written: /root/Crypto-Backtesting-Lab/trades/trades_20260720_170832.json (29 records)
2026-07-20 17:08:34,122 INFO github persist: True pushed
OK trades_20260720_170832.json records=29
2026-07-20 17:19:33,797 WARNING ccxt positions err: name '_ccxt_sym' is not defined
2026-07-20 17:19:33,991 INFO local written: /root/Crypto-Backtesting-Lab/trades/trades_20260720_171933.json (29 records)
2026-07-20 17:19:35,171 INFO github persist: True pushed
OK trades_20260720_171933.json records=29
2026-07-20 17:30:32,728 WARNING ccxt positions err: name '_ccxt_sym' is not defined
2026-07-20 17:30:32,899 INFO local written: /root/Crypto-Backtesting-Lab/trades/trades_20260720_173032.json (29 records)
2026-07-20 17:30:33,992 INFO github persist: True pushed
OK trades_20260720_173032.json records=29
2026-07-20 17:41:32,670 WARNING ccxt positions err: name '_ccxt_sym' is not defined
2026-07-20 17:41:32,843 INFO local written: /root/Crypto-Backtesting-Lab/trades/trades_20260720_174132.json (29 records)
2026-07-20 17:41:34,074 INFO github persist: True pushed
OK trades_20260720_174132.json records=29
2026-07-20 17:52:32,669 WARNING ccxt positions err: name '_ccxt_sym' is not defined
2026-07-20 17:52:32,860 INFO local written: /root/Crypto-Backtesting-Lab/trades/trades_20260720_175232.json (29 records)
2026-07-20 17:52:34,085 INFO github persist: True pushed
OK trades_20260720_175232.json records=29
2026-07-20 18:03:37,851 WARNING ccxt positions err: name '_ccxt_sym' is not defined
2026-07-20 18:03:39,020 INFO local written: /root/Crypto-Backtesting-Lab/trades/trades_20260720_180339.json (29 records)
2026-07-20 18:03:40,263 INFO github persist: True pushed
OK trades_20260720_180339.json records=29
2026-07-20 18:14:36,550 WARNING ccxt positions err: name '_ccxt_sym' is not defined
2026-07-20 18:14:37,408 INFO local written: /root/Crypto-Backtesting-Lab/trades/trades_20260720_181437.json (28 records)
2026-07-20 18:14:38,818 INFO github persist: True pushed
OK trades_20260720_181437.json records=28
2026-07-20 18:25:39,599 WARNING ccxt positions err: name '_ccxt_sym' is not defined
2026-07-20 18:25:40,441 INFO local written: /root/Crypto-Backtesting-Lab/trades/trades_20260720_182540.json (28 records)
2026-07-20 18:25:41,628 INFO github persist: True pushed
OK trades_20260720_182540.json records=28
